<?xml version="1.0" encoding="UTF-8"?>
<testsuite xmlns:xsi="http://www.w3.org/2001/XMLSchema-instance" xsi:noNamespaceSchemaLocation="https://maven.apache.org/surefire/maven-surefire-plugin/xsd/surefire-test-report.xsd" name="com.mosaiker.userservice.controller.UserControllerTest" time="11.561" tests="5" errors="0" skipped="0" failures="4">
  <properties>
    <property name="sun.desktop" value="windows"/>
    <property name="awt.toolkit" value="sun.awt.windows.WToolkit"/>
    <property name="file.encoding.pkg" value="sun.io"/>
    <property name="java.specification.version" value="1.8"/>
    <property name="sun.cpu.isalist" value="amd64"/>
    <property name="sun.jnu.encoding" value="GBK"/>
    <property name="java.class.path" value="F:\WebCode\Winsper-user-service\target\test-classes;F:\WebCode\Winsper-user-service\target\classes;D:\Maven\apache-maven-3.6.1-bin\maven-repository\org\springframework\boot\spring-boot-starter-web\2.1.6.RELEASE\spring-boot-starter-web-2.1.6.RELEASE.jar;D:\Maven\apache-maven-3.6.1-bin\maven-repository\org\springframework\boot\spring-boot-starter\2.1.6.RELEASE\spring-boot-starter-2.1.6.RELEASE.jar;D:\Maven\apache-maven-3.6.1-bin\maven-repository\org\springframework\boot\spring-boot\2.1.6.RELEASE\spring-boot-2.1.6.RELEASE.jar;D:\Maven\apache-maven-3.6.1-bin\maven-repository\org\springframework\boot\spring-boot-autoconfigure\2.1.6.RELEASE\spring-boot-autoconfigure-2.1.6.RELEASE.jar;D:\Maven\apache-maven-3.6.1-bin\maven-repository\org\springframework\boot\spring-boot-starter-logging\2.1.6.RELEASE\spring-boot-starter-logging-2.1.6.RELEASE.jar;D:\Maven\apache-maven-3.6.1-bin\maven-repository\ch\qos\logback\logback-classic\1.2.3\logback-classic-1.2.3.jar;D:\Maven\apache-maven-3.6.1-bin\maven-repository\ch\qos\logback\logback-core\1.2.3\logback-core-1.2.3.jar;D:\Maven\apache-maven-3.6.1-bin\maven-repository\org\apache\logging\log4j\log4j-to-slf4j\2.11.2\log4j-to-slf4j-2.11.2.jar;D:\Maven\apache-maven-3.6.1-bin\maven-repository\org\apache\logging\log4j\log4j-api\2.11.2\log4j-api-2.11.2.jar;D:\Maven\apache-maven-3.6.1-bin\maven-repository\org\slf4j\jul-to-slf4j\1.7.26\jul-to-slf4j-1.7.26.jar;D:\Maven\apache-maven-3.6.1-bin\maven-repository\javax\annotation\javax.annotation-api\1.3.2\javax.annotation-api-1.3.2.jar;D:\Maven\apache-maven-3.6.1-bin\maven-repository\org\yaml\snakeyaml\1.23\snakeyaml-1.23.jar;D:\Maven\apache-maven-3.6.1-bin\maven-repository\org\springframework\boot\spring-boot-starter-json\2.1.6.RELEASE\spring-boot-starter-json-2.1.6.RELEASE.jar;D:\Maven\apache-maven-3.6.1-bin\maven-repository\com\fasterxml\jackson\datatype\jackson-datatype-jdk8\2.9.9\jackson-datatype-jdk8-2.9.9.jar;D:\Maven\apache-maven-3.6.1-bin\maven-repository\com\fasterxml\jackson\datatype\jackson-datatype-jsr310\2.9.9\jackson-datatype-jsr310-2.9.9.jar;D:\Maven\apache-maven-3.6.1-bin\maven-repository\com\fasterxml\jackson\module\jackson-module-parameter-names\2.9.9\jackson-module-parameter-names-2.9.9.jar;D:\Maven\apache-maven-3.6.1-bin\maven-repository\org\springframework\boot\spring-boot-starter-tomcat\2.1.6.RELEASE\spring-boot-starter-tomcat-2.1.6.RELEASE.jar;D:\Maven\apache-maven-3.6.1-bin\maven-repository\org\apache\tomcat\embed\tomcat-embed-core\9.0.21\tomcat-embed-core-9.0.21.jar;D:\Maven\apache-maven-3.6.1-bin\maven-repository\org\apache\tomcat\embed\tomcat-embed-el\9.0.21\tomcat-embed-el-9.0.21.jar;D:\Maven\apache-maven-3.6.1-bin\maven-repository\org\apache\tomcat\embed\tomcat-embed-websocket\9.0.21\tomcat-embed-websocket-9.0.21.jar;D:\Maven\apache-maven-3.6.1-bin\maven-repository\org\hibernate\validator\hibernate-validator\6.0.17.Final\hibernate-validator-6.0.17.Final.jar;D:\Maven\apache-maven-3.6.1-bin\maven-repository\javax\validation\validation-api\2.0.1.Final\validation-api-2.0.1.Final.jar;D:\Maven\apache-maven-3.6.1-bin\maven-repository\org\jboss\logging\jboss-logging\3.3.2.Final\jboss-logging-3.3.2.Final.jar;D:\Maven\apache-maven-3.6.1-bin\maven-repository\com\fasterxml\classmate\1.4.0\classmate-1.4.0.jar;D:\Maven\apache-maven-3.6.1-bin\maven-repository\org\springframework\spring-web\5.1.8.RELEASE\spring-web-5.1.8.RELEASE.jar;D:\Maven\apache-maven-3.6.1-bin\maven-repository\org\springframework\spring-beans\5.1.8.RELEASE\spring-beans-5.1.8.RELEASE.jar;D:\Maven\apache-maven-3.6.1-bin\maven-repository\org\springframework\spring-webmvc\5.1.8.RELEASE\spring-webmvc-5.1.8.RELEASE.jar;D:\Maven\apache-maven-3.6.1-bin\maven-repository\org\springframework\spring-aop\5.1.8.RELEASE\spring-aop-5.1.8.RELEASE.jar;D:\Maven\apache-maven-3.6.1-bin\maven-repository\org\springframework\spring-context\5.1.8.RELEASE\spring-context-5.1.8.RELEASE.jar;D:\Maven\apache-maven-3.6.1-bin\maven-repository\org\springframework\spring-expression\5.1.8.RELEASE\spring-expression-5.1.8.RELEASE.jar;D:\Maven\apache-maven-3.6.1-bin\maven-repository\org\springframework\boot\spring-boot-starter-test\2.1.6.RELEASE\spring-boot-starter-test-2.1.6.RELEASE.jar;D:\Maven\apache-maven-3.6.1-bin\maven-repository\org\springframework\boot\spring-boot-test\2.1.6.RELEASE\spring-boot-test-2.1.6.RELEASE.jar;D:\Maven\apache-maven-3.6.1-bin\maven-repository\org\springframework\boot\spring-boot-test-autoconfigure\2.1.6.RELEASE\spring-boot-test-autoconfigure-2.1.6.RELEASE.jar;D:\Maven\apache-maven-3.6.1-bin\maven-repository\com\jayway\jsonpath\json-path\2.4.0\json-path-2.4.0.jar;D:\Maven\apache-maven-3.6.1-bin\maven-repository\net\minidev\json-smart\2.3\json-smart-2.3.jar;D:\Maven\apache-maven-3.6.1-bin\maven-repository\net\minidev\accessors-smart\1.2\accessors-smart-1.2.jar;D:\Maven\apache-maven-3.6.1-bin\maven-repository\org\slf4j\slf4j-api\1.7.26\slf4j-api-1.7.26.jar;D:\Maven\apache-maven-3.6.1-bin\maven-repository\junit\junit\4.12\junit-4.12.jar;D:\Maven\apache-maven-3.6.1-bin\maven-repository\org\assertj\assertj-core\3.11.1\assertj-core-3.11.1.jar;D:\Maven\apache-maven-3.6.1-bin\maven-repository\org\mockito\mockito-core\2.23.4\mockito-core-2.23.4.jar;D:\Maven\apache-maven-3.6.1-bin\maven-repository\net\bytebuddy\byte-buddy\1.9.13\byte-buddy-1.9.13.jar;D:\Maven\apache-maven-3.6.1-bin\maven-repository\net\bytebuddy\byte-buddy-agent\1.9.13\byte-buddy-agent-1.9.13.jar;D:\Maven\apache-maven-3.6.1-bin\maven-repository\org\objenesis\objenesis\2.6\objenesis-2.6.jar;D:\Maven\apache-maven-3.6.1-bin\maven-repository\org\hamcrest\hamcrest-core\1.3\hamcrest-core-1.3.jar;D:\Maven\apache-maven-3.6.1-bin\maven-repository\org\hamcrest\hamcrest-library\1.3\hamcrest-library-1.3.jar;D:\Maven\apache-maven-3.6.1-bin\maven-repository\org\skyscreamer\jsonassert\1.5.0\jsonassert-1.5.0.jar;D:\Maven\apache-maven-3.6.1-bin\maven-repository\com\vaadin\external\google\android-json\0.0.20131108.vaadin1\android-json-0.0.20131108.vaadin1.jar;D:\Maven\apache-maven-3.6.1-bin\maven-repository\org\springframework\spring-core\5.1.8.RELEASE\spring-core-5.1.8.RELEASE.jar;D:\Maven\apache-maven-3.6.1-bin\maven-repository\org\springframework\spring-jcl\5.1.8.RELEASE\spring-jcl-5.1.8.RELEASE.jar;D:\Maven\apache-maven-3.6.1-bin\maven-repository\org\springframework\spring-test\5.1.8.RELEASE\spring-test-5.1.8.RELEASE.jar;D:\Maven\apache-maven-3.6.1-bin\maven-repository\org\xmlunit\xmlunit-core\2.6.2\xmlunit-core-2.6.2.jar;D:\Maven\apache-maven-3.6.1-bin\maven-repository\com\zhenzikj\zhenzisms\1.0.2\zhenzisms-1.0.2.jar;D:\Maven\apache-maven-3.6.1-bin\maven-repository\org\springframework\boot\spring-boot-starter-data-jpa\2.1.6.RELEASE\spring-boot-starter-data-jpa-2.1.6.RELEASE.jar;D:\Maven\apache-maven-3.6.1-bin\maven-repository\org\springframework\boot\spring-boot-starter-aop\2.1.6.RELEASE\spring-boot-starter-aop-2.1.6.RELEASE.jar;D:\Maven\apache-maven-3.6.1-bin\maven-repository\org\aspectj\aspectjweaver\1.9.4\aspectjweaver-1.9.4.jar;D:\Maven\apache-maven-3.6.1-bin\maven-repository\org\springframework\boot\spring-boot-starter-jdbc\2.1.6.RELEASE\spring-boot-starter-jdbc-2.1.6.RELEASE.jar;D:\Maven\apache-maven-3.6.1-bin\maven-repository\com\zaxxer\HikariCP\3.2.0\HikariCP-3.2.0.jar;D:\Maven\apache-maven-3.6.1-bin\maven-repository\org\springframework\spring-jdbc\5.1.8.RELEASE\spring-jdbc-5.1.8.RELEASE.jar;D:\Maven\apache-maven-3.6.1-bin\maven-repository\javax\transaction\javax.transaction-api\1.3\javax.transaction-api-1.3.jar;D:\Maven\apache-maven-3.6.1-bin\maven-repository\javax\xml\bind\jaxb-api\2.3.1\jaxb-api-2.3.1.jar;D:\Maven\apache-maven-3.6.1-bin\maven-repository\javax\activation\javax.activation-api\1.2.0\javax.activation-api-1.2.0.jar;D:\Maven\apache-maven-3.6.1-bin\maven-repository\org\hibernate\hibernate-core\5.3.10.Final\hibernate-core-5.3.10.Final.jar;D:\Maven\apache-maven-3.6.1-bin\maven-repository\javax\persistence\javax.persistence-api\2.2\javax.persistence-api-2.2.jar;D:\Maven\apache-maven-3.6.1-bin\maven-repository\org\javassist\javassist\3.23.2-GA\javassist-3.23.2-GA.jar;D:\Maven\apache-maven-3.6.1-bin\maven-repository\antlr\antlr\2.7.7\antlr-2.7.7.jar;D:\Maven\apache-maven-3.6.1-bin\maven-repository\org\jboss\jandex\2.0.5.Final\jandex-2.0.5.Final.jar;D:\Maven\apache-maven-3.6.1-bin\maven-repository\org\dom4j\dom4j\2.1.1\dom4j-2.1.1.jar;D:\Maven\apache-maven-3.6.1-bin\maven-repository\org\hibernate\common\hibernate-commons-annotations\5.0.4.Final\hibernate-commons-annotations-5.0.4.Final.jar;D:\Maven\apache-maven-3.6.1-bin\maven-repository\org\springframework\data\spring-data-jpa\2.1.9.RELEASE\spring-data-jpa-2.1.9.RELEASE.jar;D:\Maven\apache-maven-3.6.1-bin\maven-repository\org\springframework\data\spring-data-commons\2.1.9.RELEASE\spring-data-commons-2.1.9.RELEASE.jar;D:\Maven\apache-maven-3.6.1-bin\maven-repository\org\springframework\spring-orm\5.1.8.RELEASE\spring-orm-5.1.8.RELEASE.jar;D:\Maven\apache-maven-3.6.1-bin\maven-repository\org\springframework\spring-tx\5.1.8.RELEASE\spring-tx-5.1.8.RELEASE.jar;D:\Maven\apache-maven-3.6.1-bin\maven-repository\org\springframework\spring-aspects\5.1.8.RELEASE\spring-aspects-5.1.8.RELEASE.jar;D:\Maven\apache-maven-3.6.1-bin\maven-repository\org\springframework\cloud\spring-cloud-starter-netflix-eureka-client\2.1.1.RELEASE\spring-cloud-starter-netflix-eureka-client-2.1.1.RELEASE.jar;D:\Maven\apache-maven-3.6.1-bin\maven-repository\org\springframework\cloud\spring-cloud-starter\2.1.1.RELEASE\spring-cloud-starter-2.1.1.RELEASE.jar;D:\Maven\apache-maven-3.6.1-bin\maven-repository\org\springframework\cloud\spring-cloud-context\2.1.1.RELEASE\spring-cloud-context-2.1.1.RELEASE.jar;D:\Maven\apache-maven-3.6.1-bin\maven-repository\org\springframework\security\spring-security-rsa\1.0.7.RELEASE\spring-security-rsa-1.0.7.RELEASE.jar;D:\Maven\apache-maven-3.6.1-bin\maven-repository\org\bouncycastle\bcpkix-jdk15on\1.60\bcpkix-jdk15on-1.60.jar;D:\Maven\apache-maven-3.6.1-bin\maven-repository\org\bouncycastle\bcprov-jdk15on\1.60\bcprov-jdk15on-1.60.jar;D:\Maven\apache-maven-3.6.1-bin\maven-repository\org\springframework\cloud\spring-cloud-netflix-hystrix\2.1.1.RELEASE\spring-cloud-netflix-hystrix-2.1.1.RELEASE.jar;D:\Maven\apache-maven-3.6.1-bin\maven-repository\org\springframework\cloud\spring-cloud-netflix-eureka-client\2.1.1.RELEASE\spring-cloud-netflix-eureka-client-2.1.1.RELEASE.jar;D:\Maven\apache-maven-3.6.1-bin\maven-repository\com\netflix\eureka\eureka-client\1.9.8\eureka-client-1.9.8.jar;D:\Maven\apache-maven-3.6.1-bin\maven-repository\org\codehaus\jettison\jettison\1.3.7\jettison-1.3.7.jar;D:\Maven\apache-maven-3.6.1-bin\maven-repository\stax\stax-api\1.0.1\stax-api-1.0.1.jar;D:\Maven\apache-maven-3.6.1-bin\maven-repository\com\netflix\netflix-commons\netflix-eventbus\0.3.0\netflix-eventbus-0.3.0.jar;D:\Maven\apache-maven-3.6.1-bin\maven-repository\com\netflix\netflix-commons\netflix-infix\0.3.0\netflix-infix-0.3.0.jar;D:\Maven\apache-maven-3.6.1-bin\maven-repository\commons-jxpath\commons-jxpath\1.3\commons-jxpath-1.3.jar;D:\Maven\apache-maven-3.6.1-bin\maven-repository\joda-time\joda-time\2.10.2\joda-time-2.10.2.jar;D:\Maven\apache-maven-3.6.1-bin\maven-repository\org\antlr\antlr-runtime\3.4\antlr-runtime-3.4.jar;D:\Maven\apache-maven-3.6.1-bin\maven-repository\org\antlr\stringtemplate\3.2.1\stringtemplate-3.2.1.jar;D:\Maven\apache-maven-3.6.1-bin\maven-repository\com\google\code\gson\gson\2.8.5\gson-2.8.5.jar;D:\Maven\apache-maven-3.6.1-bin\maven-repository\org\apache\commons\commons-math\2.2\commons-math-2.2.jar;D:\Maven\apache-maven-3.6.1-bin\maven-repository\com\netflix\archaius\archaius-core\0.7.6\archaius-core-0.7.6.jar;D:\Maven\apache-maven-3.6.1-bin\maven-repository\javax\ws\rs\jsr311-api\1.1.1\jsr311-api-1.1.1.jar;D:\Maven\apache-maven-3.6.1-bin\maven-repository\com\netflix\servo\servo-core\0.12.21\servo-core-0.12.21.jar;D:\Maven\apache-maven-3.6.1-bin\maven-repository\com\sun\jersey\jersey-core\1.19.1\jersey-core-1.19.1.jar;D:\Maven\apache-maven-3.6.1-bin\maven-repository\com\sun\jersey\jersey-client\1.19.1\jersey-client-1.19.1.jar;D:\Maven\apache-maven-3.6.1-bin\maven-repository\com\sun\jersey\contribs\jersey-apache-client4\1.19.1\jersey-apache-client4-1.19.1.jar;D:\Maven\apache-maven-3.6.1-bin\maven-repository\org\apache\httpcomponents\httpclient\4.5.9\httpclient-4.5.9.jar;D:\Maven\apache-maven-3.6.1-bin\maven-repository\org\apache\httpcomponents\httpcore\4.4.11\httpcore-4.4.11.jar;D:\Maven\apache-maven-3.6.1-bin\maven-repository\commons-codec\commons-codec\1.11\commons-codec-1.11.jar;D:\Maven\apache-maven-3.6.1-bin\maven-repository\com\google\inject\guice\4.1.0\guice-4.1.0.jar;D:\Maven\apache-maven-3.6.1-bin\maven-repository\aopalliance\aopalliance\1.0\aopalliance-1.0.jar;D:\Maven\apache-maven-3.6.1-bin\maven-repository\com\github\vlsi\compactmap\compactmap\1.2.1\compactmap-1.2.1.jar;D:\Maven\apache-maven-3.6.1-bin\maven-repository\com\github\andrewoma\dexx\dexx-collections\0.2\dexx-collections-0.2.jar;D:\Maven\apache-maven-3.6.1-bin\maven-repository\com\fasterxml\jackson\core\jackson-annotations\2.9.0\jackson-annotations-2.9.0.jar;D:\Maven\apache-maven-3.6.1-bin\maven-repository\com\fasterxml\jackson\core\jackson-core\2.9.9\jackson-core-2.9.9.jar;D:\Maven\apache-maven-3.6.1-bin\maven-repository\com\netflix\eureka\eureka-core\1.9.8\eureka-core-1.9.8.jar;D:\Maven\apache-maven-3.6.1-bin\maven-repository\org\codehaus\woodstox\woodstox-core-asl\4.4.1\woodstox-core-asl-4.4.1.jar;D:\Maven\apache-maven-3.6.1-bin\maven-repository\javax\xml\stream\stax-api\1.0-2\stax-api-1.0-2.jar;D:\Maven\apache-maven-3.6.1-bin\maven-repository\org\codehaus\woodstox\stax2-api\3.1.4\stax2-api-3.1.4.jar;D:\Maven\apache-maven-3.6.1-bin\maven-repository\org\springframework\cloud\spring-cloud-starter-netflix-archaius\2.1.1.RELEASE\spring-cloud-starter-netflix-archaius-2.1.1.RELEASE.jar;D:\Maven\apache-maven-3.6.1-bin\maven-repository\org\springframework\cloud\spring-cloud-netflix-archaius\2.1.1.RELEASE\spring-cloud-netflix-archaius-2.1.1.RELEASE.jar;D:\Maven\apache-maven-3.6.1-bin\maven-repository\commons-configuration\commons-configuration\1.8\commons-configuration-1.8.jar;D:\Maven\apache-maven-3.6.1-bin\maven-repository\com\netflix\ribbon\ribbon-eureka\2.3.0\ribbon-eureka-2.3.0.jar;D:\Maven\apache-maven-3.6.1-bin\maven-repository\com\thoughtworks\xstream\xstream\1.4.10\xstream-1.4.10.jar;D:\Maven\apache-maven-3.6.1-bin\maven-repository\xmlpull\xmlpull\1.1.3.1\xmlpull-1.1.3.1.jar;D:\Maven\apache-maven-3.6.1-bin\maven-repository\xpp3\xpp3_min\1.1.4c\xpp3_min-1.1.4c.jar;D:\Maven\apache-maven-3.6.1-bin\maven-repository\org\springframework\cloud\spring-cloud-starter-netflix-eureka-server\2.1.1.RELEASE\spring-cloud-starter-netflix-eureka-server-2.1.1.RELEASE.jar;D:\Maven\apache-maven-3.6.1-bin\maven-repository\org\springframework\cloud\spring-cloud-netflix-eureka-server\2.1.1.RELEASE\spring-cloud-netflix-eureka-server-2.1.1.RELEASE.jar;D:\Maven\apache-maven-3.6.1-bin\maven-repository\org\springframework\boot\spring-boot-starter-freemarker\2.1.6.RELEASE\spring-boot-starter-freemarker-2.1.6.RELEASE.jar;D:\Maven\apache-maven-3.6.1-bin\maven-repository\org\freemarker\freemarker\2.3.28\freemarker-2.3.28.jar;D:\Maven\apache-maven-3.6.1-bin\maven-repository\org\springframework\spring-context-support\5.1.8.RELEASE\spring-context-support-5.1.8.RELEASE.jar;D:\Maven\apache-maven-3.6.1-bin\maven-repository\com\sun\jersey\jersey-servlet\1.19.1\jersey-servlet-1.19.1.jar;D:\Maven\apache-maven-3.6.1-bin\maven-repository\com\sun\jersey\jersey-server\1.19.1\jersey-server-1.19.1.jar;D:\Maven\apache-maven-3.6.1-bin\maven-repository\javax\inject\javax.inject\1\javax.inject-1.jar;D:\Maven\apache-maven-3.6.1-bin\maven-repository\com\fasterxml\jackson\dataformat\jackson-dataformat-xml\2.9.9\jackson-dataformat-xml-2.9.9.jar;D:\Maven\apache-maven-3.6.1-bin\maven-repository\com\fasterxml\jackson\module\jackson-module-jaxb-annotations\2.9.9\jackson-module-jaxb-annotations-2.9.9.jar;D:\Maven\apache-maven-3.6.1-bin\maven-repository\com\fasterxml\woodstox\woodstox-core\5.0.3\woodstox-core-5.0.3.jar;D:\Maven\apache-maven-3.6.1-bin\maven-repository\org\springframework\cloud\spring-cloud-starter-netflix-hystrix\2.1.1.RELEASE\spring-cloud-starter-netflix-hystrix-2.1.1.RELEASE.jar;D:\Maven\apache-maven-3.6.1-bin\maven-repository\org\springframework\cloud\spring-cloud-netflix-ribbon\2.1.1.RELEASE\spring-cloud-netflix-ribbon-2.1.1.RELEASE.jar;D:\Maven\apache-maven-3.6.1-bin\maven-repository\com\netflix\hystrix\hystrix-core\1.5.18\hystrix-core-1.5.18.jar;D:\Maven\apache-maven-3.6.1-bin\maven-repository\org\hdrhistogram\HdrHistogram\2.1.9\HdrHistogram-2.1.9.jar;D:\Maven\apache-maven-3.6.1-bin\maven-repository\com\netflix\hystrix\hystrix-serialization\1.5.18\hystrix-serialization-1.5.18.jar;D:\Maven\apache-maven-3.6.1-bin\maven-repository\com\fasterxml\jackson\module\jackson-module-afterburner\2.9.9\jackson-module-afterburner-2.9.9.jar;D:\Maven\apache-maven-3.6.1-bin\maven-repository\com\netflix\hystrix\hystrix-metrics-event-stream\1.5.18\hystrix-metrics-event-stream-1.5.18.jar;D:\Maven\apache-maven-3.6.1-bin\maven-repository\com\netflix\hystrix\hystrix-javanica\1.5.18\hystrix-javanica-1.5.18.jar;D:\Maven\apache-maven-3.6.1-bin\maven-repository\org\apache\commons\commons-lang3\3.8.1\commons-lang3-3.8.1.jar;D:\Maven\apache-maven-3.6.1-bin\maven-repository\org\ow2\asm\asm\5.0.4\asm-5.0.4.jar;D:\Maven\apache-maven-3.6.1-bin\maven-repository\com\google\guava\guava\15.0\guava-15.0.jar;D:\Maven\apache-maven-3.6.1-bin\maven-repository\io\reactivex\rxjava-reactive-streams\1.2.1\rxjava-reactive-streams-1.2.1.jar;D:\Maven\apache-maven-3.6.1-bin\maven-repository\org\reactivestreams\reactive-streams\1.0.2\reactive-streams-1.0.2.jar;D:\Maven\apache-maven-3.6.1-bin\maven-repository\org\springframework\cloud\spring-cloud-starter-netflix-ribbon\2.1.1.RELEASE\spring-cloud-starter-netflix-ribbon-2.1.1.RELEASE.jar;D:\Maven\apache-maven-3.6.1-bin\maven-repository\com\netflix\ribbon\ribbon\2.3.0\ribbon-2.3.0.jar;D:\Maven\apache-maven-3.6.1-bin\maven-repository\com\netflix\ribbon\ribbon-transport\2.3.0\ribbon-transport-2.3.0.jar;D:\Maven\apache-maven-3.6.1-bin\maven-repository\io\reactivex\rxnetty-contexts\0.4.9\rxnetty-contexts-0.4.9.jar;D:\Maven\apache-maven-3.6.1-bin\maven-repository\io\reactivex\rxnetty-servo\0.4.9\rxnetty-servo-0.4.9.jar;D:\Maven\apache-maven-3.6.1-bin\maven-repository\io\reactivex\rxnetty\0.4.9\rxnetty-0.4.9.jar;D:\Maven\apache-maven-3.6.1-bin\maven-repository\com\netflix\ribbon\ribbon-core\2.3.0\ribbon-core-2.3.0.jar;D:\Maven\apache-maven-3.6.1-bin\maven-repository\commons-lang\commons-lang\2.6\commons-lang-2.6.jar;D:\Maven\apache-maven-3.6.1-bin\maven-repository\com\netflix\ribbon\ribbon-httpclient\2.3.0\ribbon-httpclient-2.3.0.jar;D:\Maven\apache-maven-3.6.1-bin\maven-repository\commons-collections\commons-collections\3.2.2\commons-collections-3.2.2.jar;D:\Maven\apache-maven-3.6.1-bin\maven-repository\com\netflix\netflix-commons\netflix-commons-util\0.3.0\netflix-commons-util-0.3.0.jar;D:\Maven\apache-maven-3.6.1-bin\maven-repository\com\netflix\ribbon\ribbon-loadbalancer\2.3.0\ribbon-loadbalancer-2.3.0.jar;D:\Maven\apache-maven-3.6.1-bin\maven-repository\com\netflix\netflix-commons\netflix-statistics\0.1.1\netflix-statistics-0.1.1.jar;D:\Maven\apache-maven-3.6.1-bin\maven-repository\io\reactivex\rxjava\1.3.8\rxjava-1.3.8.jar;D:\Maven\apache-maven-3.6.1-bin\maven-repository\org\springframework\cloud\spring-cloud-starter-openfeign\2.1.1.RELEASE\spring-cloud-starter-openfeign-2.1.1.RELEASE.jar;D:\Maven\apache-maven-3.6.1-bin\maven-repository\org\springframework\cloud\spring-cloud-openfeign-core\2.1.1.RELEASE\spring-cloud-openfeign-core-2.1.1.RELEASE.jar;D:\Maven\apache-maven-3.6.1-bin\maven-repository\io\github\openfeign\form\feign-form-spring\3.5.0\feign-form-spring-3.5.0.jar;D:\Maven\apache-maven-3.6.1-bin\maven-repository\io\github\openfeign\form\feign-form\3.5.0\feign-form-3.5.0.jar;D:\Maven\apache-maven-3.6.1-bin\maven-repository\commons-fileupload\commons-fileupload\1.3.3\commons-fileupload-1.3.3.jar;D:\Maven\apache-maven-3.6.1-bin\maven-repository\commons-io\commons-io\2.2\commons-io-2.2.jar;D:\Maven\apache-maven-3.6.1-bin\maven-repository\org\springframework\cloud\spring-cloud-commons\2.1.1.RELEASE\spring-cloud-commons-2.1.1.RELEASE.jar;D:\Maven\apache-maven-3.6.1-bin\maven-repository\org\springframework\security\spring-security-crypto\5.1.5.RELEASE\spring-security-crypto-5.1.5.RELEASE.jar;D:\Maven\apache-maven-3.6.1-bin\maven-repository\io\github\openfeign\feign-core\10.1.0\feign-core-10.1.0.jar;D:\Maven\apache-maven-3.6.1-bin\maven-repository\io\github\openfeign\feign-slf4j\10.1.0\feign-slf4j-10.1.0.jar;D:\Maven\apache-maven-3.6.1-bin\maven-repository\io\github\openfeign\feign-hystrix\10.1.0\feign-hystrix-10.1.0.jar;D:\Maven\apache-maven-3.6.1-bin\maven-repository\mysql\mysql-connector-java\8.0.11\mysql-connector-java-8.0.11.jar;D:\Maven\apache-maven-3.6.1-bin\maven-repository\com\alibaba\fastjson\1.2.28\fastjson-1.2.28.jar;D:\Maven\apache-maven-3.6.1-bin\maven-repository\io\jsonwebtoken\jjwt\0.7.0\jjwt-0.7.0.jar;D:\Maven\apache-maven-3.6.1-bin\maven-repository\com\fasterxml\jackson\core\jackson-databind\2.9.9\jackson-databind-2.9.9.jar;D:\Maven\apache-maven-3.6.1-bin\maven-repository\org\springframework\boot\spring-boot-starter-actuator\2.1.6.RELEASE\spring-boot-starter-actuator-2.1.6.RELEASE.jar;D:\Maven\apache-maven-3.6.1-bin\maven-repository\org\springframework\boot\spring-boot-actuator-autoconfigure\2.1.6.RELEASE\spring-boot-actuator-autoconfigure-2.1.6.RELEASE.jar;D:\Maven\apache-maven-3.6.1-bin\maven-repository\org\springframework\boot\spring-boot-actuator\2.1.6.RELEASE\spring-boot-actuator-2.1.6.RELEASE.jar;D:\Maven\apache-maven-3.6.1-bin\maven-repository\io\micrometer\micrometer-core\1.1.5\micrometer-core-1.1.5.jar;D:\Maven\apache-maven-3.6.1-bin\maven-repository\org\latencyutils\LatencyUtils\2.0.3\LatencyUtils-2.0.3.jar;D:\Maven\apache-maven-3.6.1-bin\maven-repository\org\springframework\cloud\spring-cloud-starter-config\2.1.1.RELEASE\spring-cloud-starter-config-2.1.1.RELEASE.jar;D:\Maven\apache-maven-3.6.1-bin\maven-repository\org\springframework\cloud\spring-cloud-config-client\2.1.1.RELEASE\spring-cloud-config-client-2.1.1.RELEASE.jar;"/>
    <property name="java.vm.vendor" value="Oracle Corporation"/>
    <property name="sun.arch.data.model" value="64"/>
    <property name="user.variant" value=""/>
    <property name="java.vendor.url" value="http://java.oracle.com/"/>
    <property name="user.timezone" value="Asia/Shanghai"/>
    <property name="java.vm.specification.version" value="1.8"/>
    <property name="os.name" value="Windows 10"/>
    <property name="user.country" value="CN"/>
    <property name="sun.java.launcher" value="SUN_STANDARD"/>
    <property name="sun.boot.library.path" value="D:\jdk\jre\bin"/>
    <property name="sun.java.command" value="C:\Users\13323\AppData\Local\Temp\surefire7814151150733064036\surefirebooter1974003034729723105.jar C:\Users\13323\AppData\Local\Temp\surefire7814151150733064036 2019-07-10T15-53-11_269-jvmRun1 surefire8013372097996445656tmp surefire_04879436930501839574tmp"/>
    <property name="surefire.test.class.path" value="F:\WebCode\Winsper-user-service\target\test-classes;F:\WebCode\Winsper-user-service\target\classes;D:\Maven\apache-maven-3.6.1-bin\maven-repository\org\springframework\boot\spring-boot-starter-web\2.1.6.RELEASE\spring-boot-starter-web-2.1.6.RELEASE.jar;D:\Maven\apache-maven-3.6.1-bin\maven-repository\org\springframework\boot\spring-boot-starter\2.1.6.RELEASE\spring-boot-starter-2.1.6.RELEASE.jar;D:\Maven\apache-maven-3.6.1-bin\maven-repository\org\springframework\boot\spring-boot\2.1.6.RELEASE\spring-boot-2.1.6.RELEASE.jar;D:\Maven\apache-maven-3.6.1-bin\maven-repository\org\springframework\boot\spring-boot-autoconfigure\2.1.6.RELEASE\spring-boot-autoconfigure-2.1.6.RELEASE.jar;D:\Maven\apache-maven-3.6.1-bin\maven-repository\org\springframework\boot\spring-boot-starter-logging\2.1.6.RELEASE\spring-boot-starter-logging-2.1.6.RELEASE.jar;D:\Maven\apache-maven-3.6.1-bin\maven-repository\ch\qos\logback\logback-classic\1.2.3\logback-classic-1.2.3.jar;D:\Maven\apache-maven-3.6.1-bin\maven-repository\ch\qos\logback\logback-core\1.2.3\logback-core-1.2.3.jar;D:\Maven\apache-maven-3.6.1-bin\maven-repository\org\apache\logging\log4j\log4j-to-slf4j\2.11.2\log4j-to-slf4j-2.11.2.jar;D:\Maven\apache-maven-3.6.1-bin\maven-repository\org\apache\logging\log4j\log4j-api\2.11.2\log4j-api-2.11.2.jar;D:\Maven\apache-maven-3.6.1-bin\maven-repository\org\slf4j\jul-to-slf4j\1.7.26\jul-to-slf4j-1.7.26.jar;D:\Maven\apache-maven-3.6.1-bin\maven-repository\javax\annotation\javax.annotation-api\1.3.2\javax.annotation-api-1.3.2.jar;D:\Maven\apache-maven-3.6.1-bin\maven-repository\org\yaml\snakeyaml\1.23\snakeyaml-1.23.jar;D:\Maven\apache-maven-3.6.1-bin\maven-repository\org\springframework\boot\spring-boot-starter-json\2.1.6.RELEASE\spring-boot-starter-json-2.1.6.RELEASE.jar;D:\Maven\apache-maven-3.6.1-bin\maven-repository\com\fasterxml\jackson\datatype\jackson-datatype-jdk8\2.9.9\jackson-datatype-jdk8-2.9.9.jar;D:\Maven\apache-maven-3.6.1-bin\maven-repository\com\fasterxml\jackson\datatype\jackson-datatype-jsr310\2.9.9\jackson-datatype-jsr310-2.9.9.jar;D:\Maven\apache-maven-3.6.1-bin\maven-repository\com\fasterxml\jackson\module\jackson-module-parameter-names\2.9.9\jackson-module-parameter-names-2.9.9.jar;D:\Maven\apache-maven-3.6.1-bin\maven-repository\org\springframework\boot\spring-boot-starter-tomcat\2.1.6.RELEASE\spring-boot-starter-tomcat-2.1.6.RELEASE.jar;D:\Maven\apache-maven-3.6.1-bin\maven-repository\org\apache\tomcat\embed\tomcat-embed-core\9.0.21\tomcat-embed-core-9.0.21.jar;D:\Maven\apache-maven-3.6.1-bin\maven-repository\org\apache\tomcat\embed\tomcat-embed-el\9.0.21\tomcat-embed-el-9.0.21.jar;D:\Maven\apache-maven-3.6.1-bin\maven-repository\org\apache\tomcat\embed\tomcat-embed-websocket\9.0.21\tomcat-embed-websocket-9.0.21.jar;D:\Maven\apache-maven-3.6.1-bin\maven-repository\org\hibernate\validator\hibernate-validator\6.0.17.Final\hibernate-validator-6.0.17.Final.jar;D:\Maven\apache-maven-3.6.1-bin\maven-repository\javax\validation\validation-api\2.0.1.Final\validation-api-2.0.1.Final.jar;D:\Maven\apache-maven-3.6.1-bin\maven-repository\org\jboss\logging\jboss-logging\3.3.2.Final\jboss-logging-3.3.2.Final.jar;D:\Maven\apache-maven-3.6.1-bin\maven-repository\com\fasterxml\classmate\1.4.0\classmate-1.4.0.jar;D:\Maven\apache-maven-3.6.1-bin\maven-repository\org\springframework\spring-web\5.1.8.RELEASE\spring-web-5.1.8.RELEASE.jar;D:\Maven\apache-maven-3.6.1-bin\maven-repository\org\springframework\spring-beans\5.1.8.RELEASE\spring-beans-5.1.8.RELEASE.jar;D:\Maven\apache-maven-3.6.1-bin\maven-repository\org\springframework\spring-webmvc\5.1.8.RELEASE\spring-webmvc-5.1.8.RELEASE.jar;D:\Maven\apache-maven-3.6.1-bin\maven-repository\org\springframework\spring-aop\5.1.8.RELEASE\spring-aop-5.1.8.RELEASE.jar;D:\Maven\apache-maven-3.6.1-bin\maven-repository\org\springframework\spring-context\5.1.8.RELEASE\spring-context-5.1.8.RELEASE.jar;D:\Maven\apache-maven-3.6.1-bin\maven-repository\org\springframework\spring-expression\5.1.8.RELEASE\spring-expression-5.1.8.RELEASE.jar;D:\Maven\apache-maven-3.6.1-bin\maven-repository\org\springframework\boot\spring-boot-starter-test\2.1.6.RELEASE\spring-boot-starter-test-2.1.6.RELEASE.jar;D:\Maven\apache-maven-3.6.1-bin\maven-repository\org\springframework\boot\spring-boot-test\2.1.6.RELEASE\spring-boot-test-2.1.6.RELEASE.jar;D:\Maven\apache-maven-3.6.1-bin\maven-repository\org\springframework\boot\spring-boot-test-autoconfigure\2.1.6.RELEASE\spring-boot-test-autoconfigure-2.1.6.RELEASE.jar;D:\Maven\apache-maven-3.6.1-bin\maven-repository\com\jayway\jsonpath\json-path\2.4.0\json-path-2.4.0.jar;D:\Maven\apache-maven-3.6.1-bin\maven-repository\net\minidev\json-smart\2.3\json-smart-2.3.jar;D:\Maven\apache-maven-3.6.1-bin\maven-repository\net\minidev\accessors-smart\1.2\accessors-smart-1.2.jar;D:\Maven\apache-maven-3.6.1-bin\maven-repository\org\slf4j\slf4j-api\1.7.26\slf4j-api-1.7.26.jar;D:\Maven\apache-maven-3.6.1-bin\maven-repository\junit\junit\4.12\junit-4.12.jar;D:\Maven\apache-maven-3.6.1-bin\maven-repository\org\assertj\assertj-core\3.11.1\assertj-core-3.11.1.jar;D:\Maven\apache-maven-3.6.1-bin\maven-repository\org\mockito\mockito-core\2.23.4\mockito-core-2.23.4.jar;D:\Maven\apache-maven-3.6.1-bin\maven-repository\net\bytebuddy\byte-buddy\1.9.13\byte-buddy-1.9.13.jar;D:\Maven\apache-maven-3.6.1-bin\maven-repository\net\bytebuddy\byte-buddy-agent\1.9.13\byte-buddy-agent-1.9.13.jar;D:\Maven\apache-maven-3.6.1-bin\maven-repository\org\objenesis\objenesis\2.6\objenesis-2.6.jar;D:\Maven\apache-maven-3.6.1-bin\maven-repository\org\hamcrest\hamcrest-core\1.3\hamcrest-core-1.3.jar;D:\Maven\apache-maven-3.6.1-bin\maven-repository\org\hamcrest\hamcrest-library\1.3\hamcrest-library-1.3.jar;D:\Maven\apache-maven-3.6.1-bin\maven-repository\org\skyscreamer\jsonassert\1.5.0\jsonassert-1.5.0.jar;D:\Maven\apache-maven-3.6.1-bin\maven-repository\com\vaadin\external\google\android-json\0.0.20131108.vaadin1\android-json-0.0.20131108.vaadin1.jar;D:\Maven\apache-maven-3.6.1-bin\maven-repository\org\springframework\spring-core\5.1.8.RELEASE\spring-core-5.1.8.RELEASE.jar;D:\Maven\apache-maven-3.6.1-bin\maven-repository\org\springframework\spring-jcl\5.1.8.RELEASE\spring-jcl-5.1.8.RELEASE.jar;D:\Maven\apache-maven-3.6.1-bin\maven-repository\org\springframework\spring-test\5.1.8.RELEASE\spring-test-5.1.8.RELEASE.jar;D:\Maven\apache-maven-3.6.1-bin\maven-repository\org\xmlunit\xmlunit-core\2.6.2\xmlunit-core-2.6.2.jar;D:\Maven\apache-maven-3.6.1-bin\maven-repository\com\zhenzikj\zhenzisms\1.0.2\zhenzisms-1.0.2.jar;D:\Maven\apache-maven-3.6.1-bin\maven-repository\org\springframework\boot\spring-boot-starter-data-jpa\2.1.6.RELEASE\spring-boot-starter-data-jpa-2.1.6.RELEASE.jar;D:\Maven\apache-maven-3.6.1-bin\maven-repository\org\springframework\boot\spring-boot-starter-aop\2.1.6.RELEASE\spring-boot-starter-aop-2.1.6.RELEASE.jar;D:\Maven\apache-maven-3.6.1-bin\maven-repository\org\aspectj\aspectjweaver\1.9.4\aspectjweaver-1.9.4.jar;D:\Maven\apache-maven-3.6.1-bin\maven-repository\org\springframework\boot\spring-boot-starter-jdbc\2.1.6.RELEASE\spring-boot-starter-jdbc-2.1.6.RELEASE.jar;D:\Maven\apache-maven-3.6.1-bin\maven-repository\com\zaxxer\HikariCP\3.2.0\HikariCP-3.2.0.jar;D:\Maven\apache-maven-3.6.1-bin\maven-repository\org\springframework\spring-jdbc\5.1.8.RELEASE\spring-jdbc-5.1.8.RELEASE.jar;D:\Maven\apache-maven-3.6.1-bin\maven-repository\javax\transaction\javax.transaction-api\1.3\javax.transaction-api-1.3.jar;D:\Maven\apache-maven-3.6.1-bin\maven-repository\javax\xml\bind\jaxb-api\2.3.1\jaxb-api-2.3.1.jar;D:\Maven\apache-maven-3.6.1-bin\maven-repository\javax\activation\javax.activation-api\1.2.0\javax.activation-api-1.2.0.jar;D:\Maven\apache-maven-3.6.1-bin\maven-repository\org\hibernate\hibernate-core\5.3.10.Final\hibernate-core-5.3.10.Final.jar;D:\Maven\apache-maven-3.6.1-bin\maven-repository\javax\persistence\javax.persistence-api\2.2\javax.persistence-api-2.2.jar;D:\Maven\apache-maven-3.6.1-bin\maven-repository\org\javassist\javassist\3.23.2-GA\javassist-3.23.2-GA.jar;D:\Maven\apache-maven-3.6.1-bin\maven-repository\antlr\antlr\2.7.7\antlr-2.7.7.jar;D:\Maven\apache-maven-3.6.1-bin\maven-repository\org\jboss\jandex\2.0.5.Final\jandex-2.0.5.Final.jar;D:\Maven\apache-maven-3.6.1-bin\maven-repository\org\dom4j\dom4j\2.1.1\dom4j-2.1.1.jar;D:\Maven\apache-maven-3.6.1-bin\maven-repository\org\hibernate\common\hibernate-commons-annotations\5.0.4.Final\hibernate-commons-annotations-5.0.4.Final.jar;D:\Maven\apache-maven-3.6.1-bin\maven-repository\org\springframework\data\spring-data-jpa\2.1.9.RELEASE\spring-data-jpa-2.1.9.RELEASE.jar;D:\Maven\apache-maven-3.6.1-bin\maven-repository\org\springframework\data\spring-data-commons\2.1.9.RELEASE\spring-data-commons-2.1.9.RELEASE.jar;D:\Maven\apache-maven-3.6.1-bin\maven-repository\org\springframework\spring-orm\5.1.8.RELEASE\spring-orm-5.1.8.RELEASE.jar;D:\Maven\apache-maven-3.6.1-bin\maven-repository\org\springframework\spring-tx\5.1.8.RELEASE\spring-tx-5.1.8.RELEASE.jar;D:\Maven\apache-maven-3.6.1-bin\maven-repository\org\springframework\spring-aspects\5.1.8.RELEASE\spring-aspects-5.1.8.RELEASE.jar;D:\Maven\apache-maven-3.6.1-bin\maven-repository\org\springframework\cloud\spring-cloud-starter-netflix-eureka-client\2.1.1.RELEASE\spring-cloud-starter-netflix-eureka-client-2.1.1.RELEASE.jar;D:\Maven\apache-maven-3.6.1-bin\maven-repository\org\springframework\cloud\spring-cloud-starter\2.1.1.RELEASE\spring-cloud-starter-2.1.1.RELEASE.jar;D:\Maven\apache-maven-3.6.1-bin\maven-repository\org\springframework\cloud\spring-cloud-context\2.1.1.RELEASE\spring-cloud-context-2.1.1.RELEASE.jar;D:\Maven\apache-maven-3.6.1-bin\maven-repository\org\springframework\security\spring-security-rsa\1.0.7.RELEASE\spring-security-rsa-1.0.7.RELEASE.jar;D:\Maven\apache-maven-3.6.1-bin\maven-repository\org\bouncycastle\bcpkix-jdk15on\1.60\bcpkix-jdk15on-1.60.jar;D:\Maven\apache-maven-3.6.1-bin\maven-repository\org\bouncycastle\bcprov-jdk15on\1.60\bcprov-jdk15on-1.60.jar;D:\Maven\apache-maven-3.6.1-bin\maven-repository\org\springframework\cloud\spring-cloud-netflix-hystrix\2.1.1.RELEASE\spring-cloud-netflix-hystrix-2.1.1.RELEASE.jar;D:\Maven\apache-maven-3.6.1-bin\maven-repository\org\springframework\cloud\spring-cloud-netflix-eureka-client\2.1.1.RELEASE\spring-cloud-netflix-eureka-client-2.1.1.RELEASE.jar;D:\Maven\apache-maven-3.6.1-bin\maven-repository\com\netflix\eureka\eureka-client\1.9.8\eureka-client-1.9.8.jar;D:\Maven\apache-maven-3.6.1-bin\maven-repository\org\codehaus\jettison\jettison\1.3.7\jettison-1.3.7.jar;D:\Maven\apache-maven-3.6.1-bin\maven-repository\stax\stax-api\1.0.1\stax-api-1.0.1.jar;D:\Maven\apache-maven-3.6.1-bin\maven-repository\com\netflix\netflix-commons\netflix-eventbus\0.3.0\netflix-eventbus-0.3.0.jar;D:\Maven\apache-maven-3.6.1-bin\maven-repository\com\netflix\netflix-commons\netflix-infix\0.3.0\netflix-infix-0.3.0.jar;D:\Maven\apache-maven-3.6.1-bin\maven-repository\commons-jxpath\commons-jxpath\1.3\commons-jxpath-1.3.jar;D:\Maven\apache-maven-3.6.1-bin\maven-repository\joda-time\joda-time\2.10.2\joda-time-2.10.2.jar;D:\Maven\apache-maven-3.6.1-bin\maven-repository\org\antlr\antlr-runtime\3.4\antlr-runtime-3.4.jar;D:\Maven\apache-maven-3.6.1-bin\maven-repository\org\antlr\stringtemplate\3.2.1\stringtemplate-3.2.1.jar;D:\Maven\apache-maven-3.6.1-bin\maven-repository\com\google\code\gson\gson\2.8.5\gson-2.8.5.jar;D:\Maven\apache-maven-3.6.1-bin\maven-repository\org\apache\commons\commons-math\2.2\commons-math-2.2.jar;D:\Maven\apache-maven-3.6.1-bin\maven-repository\com\netflix\archaius\archaius-core\0.7.6\archaius-core-0.7.6.jar;D:\Maven\apache-maven-3.6.1-bin\maven-repository\javax\ws\rs\jsr311-api\1.1.1\jsr311-api-1.1.1.jar;D:\Maven\apache-maven-3.6.1-bin\maven-repository\com\netflix\servo\servo-core\0.12.21\servo-core-0.12.21.jar;D:\Maven\apache-maven-3.6.1-bin\maven-repository\com\sun\jersey\jersey-core\1.19.1\jersey-core-1.19.1.jar;D:\Maven\apache-maven-3.6.1-bin\maven-repository\com\sun\jersey\jersey-client\1.19.1\jersey-client-1.19.1.jar;D:\Maven\apache-maven-3.6.1-bin\maven-repository\com\sun\jersey\contribs\jersey-apache-client4\1.19.1\jersey-apache-client4-1.19.1.jar;D:\Maven\apache-maven-3.6.1-bin\maven-repository\org\apache\httpcomponents\httpclient\4.5.9\httpclient-4.5.9.jar;D:\Maven\apache-maven-3.6.1-bin\maven-repository\org\apache\httpcomponents\httpcore\4.4.11\httpcore-4.4.11.jar;D:\Maven\apache-maven-3.6.1-bin\maven-repository\commons-codec\commons-codec\1.11\commons-codec-1.11.jar;D:\Maven\apache-maven-3.6.1-bin\maven-repository\com\google\inject\guice\4.1.0\guice-4.1.0.jar;D:\Maven\apache-maven-3.6.1-bin\maven-repository\aopalliance\aopalliance\1.0\aopalliance-1.0.jar;D:\Maven\apache-maven-3.6.1-bin\maven-repository\com\github\vlsi\compactmap\compactmap\1.2.1\compactmap-1.2.1.jar;D:\Maven\apache-maven-3.6.1-bin\maven-repository\com\github\andrewoma\dexx\dexx-collections\0.2\dexx-collections-0.2.jar;D:\Maven\apache-maven-3.6.1-bin\maven-repository\com\fasterxml\jackson\core\jackson-annotations\2.9.0\jackson-annotations-2.9.0.jar;D:\Maven\apache-maven-3.6.1-bin\maven-repository\com\fasterxml\jackson\core\jackson-core\2.9.9\jackson-core-2.9.9.jar;D:\Maven\apache-maven-3.6.1-bin\maven-repository\com\netflix\eureka\eureka-core\1.9.8\eureka-core-1.9.8.jar;D:\Maven\apache-maven-3.6.1-bin\maven-repository\org\codehaus\woodstox\woodstox-core-asl\4.4.1\woodstox-core-asl-4.4.1.jar;D:\Maven\apache-maven-3.6.1-bin\maven-repository\javax\xml\stream\stax-api\1.0-2\stax-api-1.0-2.jar;D:\Maven\apache-maven-3.6.1-bin\maven-repository\org\codehaus\woodstox\stax2-api\3.1.4\stax2-api-3.1.4.jar;D:\Maven\apache-maven-3.6.1-bin\maven-repository\org\springframework\cloud\spring-cloud-starter-netflix-archaius\2.1.1.RELEASE\spring-cloud-starter-netflix-archaius-2.1.1.RELEASE.jar;D:\Maven\apache-maven-3.6.1-bin\maven-repository\org\springframework\cloud\spring-cloud-netflix-archaius\2.1.1.RELEASE\spring-cloud-netflix-archaius-2.1.1.RELEASE.jar;D:\Maven\apache-maven-3.6.1-bin\maven-repository\commons-configuration\commons-configuration\1.8\commons-configuration-1.8.jar;D:\Maven\apache-maven-3.6.1-bin\maven-repository\com\netflix\ribbon\ribbon-eureka\2.3.0\ribbon-eureka-2.3.0.jar;D:\Maven\apache-maven-3.6.1-bin\maven-repository\com\thoughtworks\xstream\xstream\1.4.10\xstream-1.4.10.jar;D:\Maven\apache-maven-3.6.1-bin\maven-repository\xmlpull\xmlpull\1.1.3.1\xmlpull-1.1.3.1.jar;D:\Maven\apache-maven-3.6.1-bin\maven-repository\xpp3\xpp3_min\1.1.4c\xpp3_min-1.1.4c.jar;D:\Maven\apache-maven-3.6.1-bin\maven-repository\org\springframework\cloud\spring-cloud-starter-netflix-eureka-server\2.1.1.RELEASE\spring-cloud-starter-netflix-eureka-server-2.1.1.RELEASE.jar;D:\Maven\apache-maven-3.6.1-bin\maven-repository\org\springframework\cloud\spring-cloud-netflix-eureka-server\2.1.1.RELEASE\spring-cloud-netflix-eureka-server-2.1.1.RELEASE.jar;D:\Maven\apache-maven-3.6.1-bin\maven-repository\org\springframework\boot\spring-boot-starter-freemarker\2.1.6.RELEASE\spring-boot-starter-freemarker-2.1.6.RELEASE.jar;D:\Maven\apache-maven-3.6.1-bin\maven-repository\org\freemarker\freemarker\2.3.28\freemarker-2.3.28.jar;D:\Maven\apache-maven-3.6.1-bin\maven-repository\org\springframework\spring-context-support\5.1.8.RELEASE\spring-context-support-5.1.8.RELEASE.jar;D:\Maven\apache-maven-3.6.1-bin\maven-repository\com\sun\jersey\jersey-servlet\1.19.1\jersey-servlet-1.19.1.jar;D:\Maven\apache-maven-3.6.1-bin\maven-repository\com\sun\jersey\jersey-server\1.19.1\jersey-server-1.19.1.jar;D:\Maven\apache-maven-3.6.1-bin\maven-repository\javax\inject\javax.inject\1\javax.inject-1.jar;D:\Maven\apache-maven-3.6.1-bin\maven-repository\com\fasterxml\jackson\dataformat\jackson-dataformat-xml\2.9.9\jackson-dataformat-xml-2.9.9.jar;D:\Maven\apache-maven-3.6.1-bin\maven-repository\com\fasterxml\jackson\module\jackson-module-jaxb-annotations\2.9.9\jackson-module-jaxb-annotations-2.9.9.jar;D:\Maven\apache-maven-3.6.1-bin\maven-repository\com\fasterxml\woodstox\woodstox-core\5.0.3\woodstox-core-5.0.3.jar;D:\Maven\apache-maven-3.6.1-bin\maven-repository\org\springframework\cloud\spring-cloud-starter-netflix-hystrix\2.1.1.RELEASE\spring-cloud-starter-netflix-hystrix-2.1.1.RELEASE.jar;D:\Maven\apache-maven-3.6.1-bin\maven-repository\org\springframework\cloud\spring-cloud-netflix-ribbon\2.1.1.RELEASE\spring-cloud-netflix-ribbon-2.1.1.RELEASE.jar;D:\Maven\apache-maven-3.6.1-bin\maven-repository\com\netflix\hystrix\hystrix-core\1.5.18\hystrix-core-1.5.18.jar;D:\Maven\apache-maven-3.6.1-bin\maven-repository\org\hdrhistogram\HdrHistogram\2.1.9\HdrHistogram-2.1.9.jar;D:\Maven\apache-maven-3.6.1-bin\maven-repository\com\netflix\hystrix\hystrix-serialization\1.5.18\hystrix-serialization-1.5.18.jar;D:\Maven\apache-maven-3.6.1-bin\maven-repository\com\fasterxml\jackson\module\jackson-module-afterburner\2.9.9\jackson-module-afterburner-2.9.9.jar;D:\Maven\apache-maven-3.6.1-bin\maven-repository\com\netflix\hystrix\hystrix-metrics-event-stream\1.5.18\hystrix-metrics-event-stream-1.5.18.jar;D:\Maven\apache-maven-3.6.1-bin\maven-repository\com\netflix\hystrix\hystrix-javanica\1.5.18\hystrix-javanica-1.5.18.jar;D:\Maven\apache-maven-3.6.1-bin\maven-repository\org\apache\commons\commons-lang3\3.8.1\commons-lang3-3.8.1.jar;D:\Maven\apache-maven-3.6.1-bin\maven-repository\org\ow2\asm\asm\5.0.4\asm-5.0.4.jar;D:\Maven\apache-maven-3.6.1-bin\maven-repository\com\google\guava\guava\15.0\guava-15.0.jar;D:\Maven\apache-maven-3.6.1-bin\maven-repository\io\reactivex\rxjava-reactive-streams\1.2.1\rxjava-reactive-streams-1.2.1.jar;D:\Maven\apache-maven-3.6.1-bin\maven-repository\org\reactivestreams\reactive-streams\1.0.2\reactive-streams-1.0.2.jar;D:\Maven\apache-maven-3.6.1-bin\maven-repository\org\springframework\cloud\spring-cloud-starter-netflix-ribbon\2.1.1.RELEASE\spring-cloud-starter-netflix-ribbon-2.1.1.RELEASE.jar;D:\Maven\apache-maven-3.6.1-bin\maven-repository\com\netflix\ribbon\ribbon\2.3.0\ribbon-2.3.0.jar;D:\Maven\apache-maven-3.6.1-bin\maven-repository\com\netflix\ribbon\ribbon-transport\2.3.0\ribbon-transport-2.3.0.jar;D:\Maven\apache-maven-3.6.1-bin\maven-repository\io\reactivex\rxnetty-contexts\0.4.9\rxnetty-contexts-0.4.9.jar;D:\Maven\apache-maven-3.6.1-bin\maven-repository\io\reactivex\rxnetty-servo\0.4.9\rxnetty-servo-0.4.9.jar;D:\Maven\apache-maven-3.6.1-bin\maven-repository\io\reactivex\rxnetty\0.4.9\rxnetty-0.4.9.jar;D:\Maven\apache-maven-3.6.1-bin\maven-repository\com\netflix\ribbon\ribbon-core\2.3.0\ribbon-core-2.3.0.jar;D:\Maven\apache-maven-3.6.1-bin\maven-repository\commons-lang\commons-lang\2.6\commons-lang-2.6.jar;D:\Maven\apache-maven-3.6.1-bin\maven-repository\com\netflix\ribbon\ribbon-httpclient\2.3.0\ribbon-httpclient-2.3.0.jar;D:\Maven\apache-maven-3.6.1-bin\maven-repository\commons-collections\commons-collections\3.2.2\commons-collections-3.2.2.jar;D:\Maven\apache-maven-3.6.1-bin\maven-repository\com\netflix\netflix-commons\netflix-commons-util\0.3.0\netflix-commons-util-0.3.0.jar;D:\Maven\apache-maven-3.6.1-bin\maven-repository\com\netflix\ribbon\ribbon-loadbalancer\2.3.0\ribbon-loadbalancer-2.3.0.jar;D:\Maven\apache-maven-3.6.1-bin\maven-repository\com\netflix\netflix-commons\netflix-statistics\0.1.1\netflix-statistics-0.1.1.jar;D:\Maven\apache-maven-3.6.1-bin\maven-repository\io\reactivex\rxjava\1.3.8\rxjava-1.3.8.jar;D:\Maven\apache-maven-3.6.1-bin\maven-repository\org\springframework\cloud\spring-cloud-starter-openfeign\2.1.1.RELEASE\spring-cloud-starter-openfeign-2.1.1.RELEASE.jar;D:\Maven\apache-maven-3.6.1-bin\maven-repository\org\springframework\cloud\spring-cloud-openfeign-core\2.1.1.RELEASE\spring-cloud-openfeign-core-2.1.1.RELEASE.jar;D:\Maven\apache-maven-3.6.1-bin\maven-repository\io\github\openfeign\form\feign-form-spring\3.5.0\feign-form-spring-3.5.0.jar;D:\Maven\apache-maven-3.6.1-bin\maven-repository\io\github\openfeign\form\feign-form\3.5.0\feign-form-3.5.0.jar;D:\Maven\apache-maven-3.6.1-bin\maven-repository\commons-fileupload\commons-fileupload\1.3.3\commons-fileupload-1.3.3.jar;D:\Maven\apache-maven-3.6.1-bin\maven-repository\commons-io\commons-io\2.2\commons-io-2.2.jar;D:\Maven\apache-maven-3.6.1-bin\maven-repository\org\springframework\cloud\spring-cloud-commons\2.1.1.RELEASE\spring-cloud-commons-2.1.1.RELEASE.jar;D:\Maven\apache-maven-3.6.1-bin\maven-repository\org\springframework\security\spring-security-crypto\5.1.5.RELEASE\spring-security-crypto-5.1.5.RELEASE.jar;D:\Maven\apache-maven-3.6.1-bin\maven-repository\io\github\openfeign\feign-core\10.1.0\feign-core-10.1.0.jar;D:\Maven\apache-maven-3.6.1-bin\maven-repository\io\github\openfeign\feign-slf4j\10.1.0\feign-slf4j-10.1.0.jar;D:\Maven\apache-maven-3.6.1-bin\maven-repository\io\github\openfeign\feign-hystrix\10.1.0\feign-hystrix-10.1.0.jar;D:\Maven\apache-maven-3.6.1-bin\maven-repository\mysql\mysql-connector-java\8.0.11\mysql-connector-java-8.0.11.jar;D:\Maven\apache-maven-3.6.1-bin\maven-repository\com\alibaba\fastjson\1.2.28\fastjson-1.2.28.jar;D:\Maven\apache-maven-3.6.1-bin\maven-repository\io\jsonwebtoken\jjwt\0.7.0\jjwt-0.7.0.jar;D:\Maven\apache-maven-3.6.1-bin\maven-repository\com\fasterxml\jackson\core\jackson-databind\2.9.9\jackson-databind-2.9.9.jar;D:\Maven\apache-maven-3.6.1-bin\maven-repository\org\springframework\boot\spring-boot-starter-actuator\2.1.6.RELEASE\spring-boot-starter-actuator-2.1.6.RELEASE.jar;D:\Maven\apache-maven-3.6.1-bin\maven-repository\org\springframework\boot\spring-boot-actuator-autoconfigure\2.1.6.RELEASE\spring-boot-actuator-autoconfigure-2.1.6.RELEASE.jar;D:\Maven\apache-maven-3.6.1-bin\maven-repository\org\springframework\boot\spring-boot-actuator\2.1.6.RELEASE\spring-boot-actuator-2.1.6.RELEASE.jar;D:\Maven\apache-maven-3.6.1-bin\maven-repository\io\micrometer\micrometer-core\1.1.5\micrometer-core-1.1.5.jar;D:\Maven\apache-maven-3.6.1-bin\maven-repository\org\latencyutils\LatencyUtils\2.0.3\LatencyUtils-2.0.3.jar;D:\Maven\apache-maven-3.6.1-bin\maven-repository\org\springframework\cloud\spring-cloud-starter-config\2.1.1.RELEASE\spring-cloud-starter-config-2.1.1.RELEASE.jar;D:\Maven\apache-maven-3.6.1-bin\maven-repository\org\springframework\cloud\spring-cloud-config-client\2.1.1.RELEASE\spring-cloud-config-client-2.1.1.RELEASE.jar;"/>
    <property name="sun.cpu.endian" value="little"/>
    <property name="user.home" value="C:\Users\13323"/>
    <property name="user.language" value="zh"/>
    <property name="java.specification.vendor" value="Oracle Corporation"/>
    <property name="java.home" value="D:\jdk\jre"/>
    <property name="basedir" value="F:\WebCode\Winsper-user-service"/>
    <property name="file.separator" value="\"/>
    <property name="line.separator" value="&#10;"/>
    <property name="java.vm.specification.vendor" value="Oracle Corporation"/>
    <property name="java.specification.name" value="Java Platform API Specification"/>
    <property name="java.awt.graphicsenv" value="sun.awt.Win32GraphicsEnvironment"/>
    <property name="surefire.real.class.path" value="C:\Users\13323\AppData\Local\Temp\surefire7814151150733064036\surefirebooter1974003034729723105.jar"/>
    <property name="sun.boot.class.path" value="D:\jdk\jre\lib\resources.jar;D:\jdk\jre\lib\rt.jar;D:\jdk\jre\lib\sunrsasign.jar;D:\jdk\jre\lib\jsse.jar;D:\jdk\jre\lib\jce.jar;D:\jdk\jre\lib\charsets.jar;D:\jdk\jre\lib\jfr.jar;D:\jdk\jre\classes"/>
    <property name="user.script" value=""/>
    <property name="sun.management.compiler" value="HotSpot 64-Bit Tiered Compilers"/>
    <property name="java.runtime.version" value="1.8.0_211-b12"/>
    <property name="user.name" value="13323"/>
    <property name="path.separator" value=";"/>
    <property name="os.version" value="10.0"/>
    <property name="java.endorsed.dirs" value="D:\jdk\jre\lib\endorsed"/>
    <property name="java.runtime.name" value="Java(TM) SE Runtime Environment"/>
    <property name="file.encoding" value="GBK"/>
    <property name="java.vm.name" value="Java HotSpot(TM) 64-Bit Server VM"/>
    <property name="localRepository" value="D:\Maven\apache-maven-3.6.1-bin\maven-repository"/>
    <property name="java.vendor.url.bug" value="http://bugreport.sun.com/bugreport/"/>
    <property name="java.io.tmpdir" value="C:\Users\13323\AppData\Local\Temp\"/>
    <property name="java.version" value="1.8.0_211"/>
    <property name="user.dir" value="F:\WebCode\Winsper-user-service"/>
    <property name="os.arch" value="amd64"/>
    <property name="java.vm.specification.name" value="Java Virtual Machine Specification"/>
    <property name="java.awt.printerjob" value="sun.awt.windows.WPrinterJob"/>
    <property name="sun.os.patch.level" value=""/>
    <property name="java.library.path" value="D:\jdk\jre\bin;C:\Windows\Sun\Java\bin;C:\Windows\system32;C:\Windows;D:\Cmder\cmder\bin;D:\Cmder\cmder\vendor\bin;D:\Cmder\cmder\vendor\conemu-maximus5\ConEmu\Scripts;D:\Cmder\cmder\vendor\conemu-maximus5;D:\Cmder\cmder\vendor\conemu-maximus5\ConEmu;C:\Program Files (x86)\Common Files\Oracle\Java\javapath;C:\Windows\system32;C:\Windows;C:\Windows\System32\Wbem;C:\Windows\System32\WindowsPowerShell\v1.0\;C:\Windows\System32\OpenSSH\;D:\Mysql\mysql-8.0.15\mysql-8.0.15-winx64\bin;D:\Nodejs\;D:\Maven\apache-maven-3.6.1-bin\apache-maven-3.6.1\bin\;C:\Program Files\Git\cmd;D:\Texlive\texlive\2019\bin\win32;D:\jdk\bin;D:\jdk\jre\bin;C:\Users\13323\AppData\Local\Microsoft\WindowsApps;C:\Users\13323\AppData\Roaming\npm;D:\VSCode\Microsoft VS Code\bin;C:\Program Files\Git\cmd;C:\Program Files\Git\mingw64\bin;C:\Program Files\Git\usr\bin;D:\Cmder\cmder;."/>
    <property name="java.vm.info" value="mixed mode"/>
    <property name="java.vendor" value="Oracle Corporation"/>
    <property name="java.vm.version" value="25.211-b12"/>
    <property name="java.ext.dirs" value="D:\jdk\jre\lib\ext;C:\Windows\Sun\Java\lib\ext"/>
    <property name="sun.io.unicode.encoding" value="UnicodeLittle"/>
    <property name="java.class.version" value="52.0"/>
  </properties>
  <testcase name="signup" classname="com.mosaiker.userservice.controller.UserControllerTest" time="6.361">
    <failure message="Status expected:&lt;200&gt; but was:&lt;404&gt;" type="java.lang.AssertionError"><![CDATA[java.lang.AssertionError: Status expected:<200> but was:<404>
	at com.mosaiker.userservice.controller.UserControllerTest.signup(UserControllerTest.java:129)
]]></failure>
    <system-out><![CDATA[15:53:16.873 [main] DEBUG org.springframework.web.servlet.mvc.method.annotation.RequestMappingHandlerMapping - 5 mappings in <unknown>
15:53:18.051 [main] DEBUG org.jboss.logging - Logging Provider: org.jboss.logging.Log4j2LoggerProvider
15:53:18.053 [main] INFO org.hibernate.validator.internal.util.Version - HV000001: Hibernate Validator 6.0.17.Final
15:53:18.084 [main] DEBUG org.hibernate.validator.internal.engine.resolver.TraversableResolvers - Found javax.persistence.Persistence on classpath containing 'getPersistenceUtil'. Assuming JPA 2 environment. Trying to instantiate JPA aware TraversableResolver
15:53:18.086 [main] DEBUG org.hibernate.validator.internal.engine.resolver.TraversableResolvers - Instantiated JPA aware TraversableResolver of type org.hibernate.validator.internal.engine.resolver.JPATraversableResolver.
15:53:18.113 [main] DEBUG org.hibernate.validator.messageinterpolation.ResourceBundleMessageInterpolator - Loaded expression factory via original TCCL
15:53:18.114 [main] DEBUG org.hibernate.validator.internal.engine.ConfigurationImpl - Setting custom MessageInterpolator of type org.springframework.validation.beanvalidation.LocaleContextMessageInterpolator
15:53:18.120 [main] DEBUG org.hibernate.validator.internal.engine.ConfigurationImpl - Setting custom ParameterNameProvider of type org.springframework.validation.beanvalidation.LocalValidatorFactoryBean$1
15:53:18.126 [main] DEBUG org.hibernate.validator.internal.xml.config.ValidationXmlParser - Trying to load META-INF/validation.xml for XML based Validator configuration.
15:53:18.128 [main] DEBUG org.hibernate.validator.internal.xml.config.ResourceLoaderHelper - Trying to load META-INF/validation.xml via TCCL
15:53:18.128 [main] DEBUG org.hibernate.validator.internal.xml.config.ResourceLoaderHelper - Trying to load META-INF/validation.xml via Hibernate Validator's class loader
15:53:18.129 [main] DEBUG org.hibernate.validator.internal.xml.config.ValidationXmlParser - No META-INF/validation.xml found. Using annotation based configuration only.
15:53:18.533 [main] DEBUG org.hibernate.validator.internal.engine.ValidatorFactoryImpl - HV000234: Using org.springframework.validation.beanvalidation.LocaleContextMessageInterpolator as ValidatorFactory-scoped message interpolator.
15:53:18.534 [main] DEBUG org.hibernate.validator.internal.engine.ValidatorFactoryImpl - HV000234: Using org.hibernate.validator.internal.engine.resolver.JPATraversableResolver as ValidatorFactory-scoped traversable resolver.
15:53:18.534 [main] DEBUG org.hibernate.validator.internal.engine.ValidatorFactoryImpl - HV000234: Using org.hibernate.validator.internal.util.ExecutableParameterNameProvider as ValidatorFactory-scoped parameter name provider.
15:53:18.534 [main] DEBUG org.hibernate.validator.internal.engine.ValidatorFactoryImpl - HV000234: Using org.hibernate.validator.internal.engine.DefaultClockProvider as ValidatorFactory-scoped clock provider.
15:53:18.534 [main] DEBUG org.hibernate.validator.internal.engine.ValidatorFactoryImpl - HV000234: Using org.hibernate.validator.internal.engine.scripting.DefaultScriptEvaluatorFactory as ValidatorFactory-scoped script evaluator factory.
15:53:18.700 [main] DEBUG org.springframework.web.servlet.mvc.method.annotation.RequestMappingHandlerAdapter - ControllerAdvice beans: 0 @ModelAttribute, 0 @InitBinder, 1 RequestBodyAdvice, 1 ResponseBodyAdvice
15:53:18.866 [main] DEBUG org.springframework.web.servlet.mvc.method.annotation.ExceptionHandlerExceptionResolver - ControllerAdvice beans: 0 @ExceptionHandler, 1 ResponseBodyAdvice
15:53:18.989 [main] INFO org.springframework.mock.web.MockServletContext - Initializing Spring TestDispatcherServlet ''
15:53:18.989 [main] INFO org.springframework.test.web.servlet.TestDispatcherServlet - Initializing Servlet ''
15:53:19.009 [main] DEBUG org.springframework.test.web.servlet.TestDispatcherServlet - Detected AcceptHeaderLocaleResolver
15:53:19.009 [main] DEBUG org.springframework.test.web.servlet.TestDispatcherServlet - Detected FixedThemeResolver
15:53:19.010 [main] DEBUG org.springframework.test.web.servlet.TestDispatcherServlet - Detected org.springframework.web.servlet.view.DefaultRequestToViewNameTranslator@291120f4
15:53:19.010 [main] DEBUG org.springframework.test.web.servlet.TestDispatcherServlet - Detected org.springframework.web.servlet.support.SessionFlashMapManager@417ad4f3
15:53:19.010 [main] DEBUG org.springframework.test.web.servlet.TestDispatcherServlet - enableLoggingRequestDetails='false': request parameters and headers will be masked to prevent unsafe logging of potentially sensitive data
15:53:19.010 [main] INFO org.springframework.test.web.servlet.TestDispatcherServlet - Completed initialization in 21 ms
15:53:19.347 [main] DEBUG org.springframework.test.web.servlet.TestDispatcherServlet - POST "/user/signup", parameters={}
15:53:19.353 [main] WARN org.springframework.web.servlet.PageNotFound - No mapping for POST /user/signup
15:53:19.364 [main] DEBUG org.springframework.test.web.servlet.TestDispatcherServlet - Completed 404 NOT_FOUND
]]></system-out>
  </testcase>
  <testcase name="updateInfo" classname="com.mosaiker.userservice.controller.UserControllerTest" time="2.974">
    <failure message="Status expected:&lt;200&gt; but was:&lt;404&gt;" type="java.lang.AssertionError"><![CDATA[java.lang.AssertionError: Status expected:<200> but was:<404>
	at com.mosaiker.userservice.controller.UserControllerTest.updateInfo(UserControllerTest.java:173)
]]></failure>
    <system-out><![CDATA[15:53:19.397 [main] DEBUG org.springframework.web.servlet.mvc.method.annotation.RequestMappingHandlerMapping - 5 mappings in <unknown>
15:53:19.417 [main] DEBUG org.hibernate.validator.internal.engine.resolver.TraversableResolvers - Found javax.persistence.Persistence on classpath containing 'getPersistenceUtil'. Assuming JPA 2 environment. Trying to instantiate JPA aware TraversableResolver
15:53:19.417 [main] DEBUG org.hibernate.validator.internal.engine.resolver.TraversableResolvers - Instantiated JPA aware TraversableResolver of type org.hibernate.validator.internal.engine.resolver.JPATraversableResolver.
15:53:19.418 [main] DEBUG org.hibernate.validator.messageinterpolation.ResourceBundleMessageInterpolator - Loaded expression factory via original TCCL
15:53:19.418 [main] DEBUG org.hibernate.validator.internal.engine.ConfigurationImpl - Setting custom MessageInterpolator of type org.springframework.validation.beanvalidation.LocaleContextMessageInterpolator
15:53:19.418 [main] DEBUG org.hibernate.validator.internal.engine.ConfigurationImpl - Setting custom ParameterNameProvider of type org.springframework.validation.beanvalidation.LocalValidatorFactoryBean$1
15:53:19.419 [main] DEBUG org.hibernate.validator.internal.xml.config.ValidationXmlParser - Trying to load META-INF/validation.xml for XML based Validator configuration.
15:53:19.419 [main] DEBUG org.hibernate.validator.internal.xml.config.ResourceLoaderHelper - Trying to load META-INF/validation.xml via TCCL
15:53:19.420 [main] DEBUG org.hibernate.validator.internal.xml.config.ResourceLoaderHelper - Trying to load META-INF/validation.xml via Hibernate Validator's class loader
15:53:19.420 [main] DEBUG org.hibernate.validator.internal.xml.config.ValidationXmlParser - No META-INF/validation.xml found. Using annotation based configuration only.
15:53:19.427 [main] DEBUG org.hibernate.validator.internal.engine.ValidatorFactoryImpl - HV000234: Using org.springframework.validation.beanvalidation.LocaleContextMessageInterpolator as ValidatorFactory-scoped message interpolator.
15:53:19.427 [main] DEBUG org.hibernate.validator.internal.engine.ValidatorFactoryImpl - HV000234: Using org.hibernate.validator.internal.engine.resolver.JPATraversableResolver as ValidatorFactory-scoped traversable resolver.
15:53:19.427 [main] DEBUG org.hibernate.validator.internal.engine.ValidatorFactoryImpl - HV000234: Using org.hibernate.validator.internal.util.ExecutableParameterNameProvider as ValidatorFactory-scoped parameter name provider.
15:53:19.427 [main] DEBUG org.hibernate.validator.internal.engine.ValidatorFactoryImpl - HV000234: Using org.hibernate.validator.internal.engine.DefaultClockProvider as ValidatorFactory-scoped clock provider.
15:53:19.427 [main] DEBUG org.hibernate.validator.internal.engine.ValidatorFactoryImpl - HV000234: Using org.hibernate.validator.internal.engine.scripting.DefaultScriptEvaluatorFactory as ValidatorFactory-scoped script evaluator factory.
15:53:19.433 [main] DEBUG org.springframework.web.servlet.mvc.method.annotation.RequestMappingHandlerAdapter - ControllerAdvice beans: 0 @ModelAttribute, 0 @InitBinder, 1 RequestBodyAdvice, 1 ResponseBodyAdvice
15:53:19.454 [main] DEBUG org.springframework.web.servlet.mvc.method.annotation.ExceptionHandlerExceptionResolver - ControllerAdvice beans: 0 @ExceptionHandler, 1 ResponseBodyAdvice
15:53:19.454 [main] INFO org.springframework.mock.web.MockServletContext - Initializing Spring TestDispatcherServlet ''
15:53:19.455 [main] INFO org.springframework.test.web.servlet.TestDispatcherServlet - Initializing Servlet ''
15:53:19.455 [main] DEBUG org.springframework.test.web.servlet.TestDispatcherServlet - Detected AcceptHeaderLocaleResolver
15:53:19.455 [main] DEBUG org.springframework.test.web.servlet.TestDispatcherServlet - Detected FixedThemeResolver
15:53:19.455 [main] DEBUG org.springframework.test.web.servlet.TestDispatcherServlet - Detected org.springframework.web.servlet.view.DefaultRequestToViewNameTranslator@11a7ba62
15:53:19.455 [main] DEBUG org.springframework.test.web.servlet.TestDispatcherServlet - Detected org.springframework.web.servlet.support.SessionFlashMapManager@340b7ef6
15:53:19.455 [main] DEBUG org.springframework.test.web.servlet.TestDispatcherServlet - enableLoggingRequestDetails='false': request parameters and headers will be masked to prevent unsafe logging of potentially sensitive data
15:53:19.455 [main] INFO org.springframework.test.web.servlet.TestDispatcherServlet - Completed initialization in 0 ms
15:53:19.456 [main] DEBUG org.springframework.test.web.servlet.TestDispatcherServlet - PUT "/user/updateInfo", parameters={}
15:53:19.458 [main] WARN org.springframework.web.servlet.PageNotFound - No mapping for PUT /user/updateInfo
15:53:19.458 [main] DEBUG org.springframework.test.web.servlet.TestDispatcherServlet - Completed 404 NOT_FOUND
]]></system-out>
  </testcase>
  <testcase name="login" classname="com.mosaiker.userservice.controller.UserControllerTest" time="0.938"/>
  <testcase name="sendCode" classname="com.mosaiker.userservice.controller.UserControllerTest" time="0.654">
    <failure message="Status expected:&lt;200&gt; but was:&lt;404&gt;" type="java.lang.AssertionError"><![CDATA[java.lang.AssertionError: Status expected:<200> but was:<404>
	at com.mosaiker.userservice.controller.UserControllerTest.sendCode(UserControllerTest.java:63)
]]></failure>
    <system-out><![CDATA[15:53:19.505 [main] DEBUG org.springframework.web.servlet.mvc.method.annotation.RequestMappingHandlerMapping - 5 mappings in <unknown>
15:53:19.532 [main] DEBUG org.hibernate.validator.internal.engine.resolver.TraversableResolvers - Found javax.persistence.Persistence on classpath containing 'getPersistenceUtil'. Assuming JPA 2 environment. Trying to instantiate JPA aware TraversableResolver
15:53:19.532 [main] DEBUG org.hibernate.validator.internal.engine.resolver.TraversableResolvers - Instantiated JPA aware TraversableResolver of type org.hibernate.validator.internal.engine.resolver.JPATraversableResolver.
15:53:19.533 [main] DEBUG org.hibernate.validator.messageinterpolation.ResourceBundleMessageInterpolator - Loaded expression factory via original TCCL
15:53:19.533 [main] DEBUG org.hibernate.validator.internal.engine.ConfigurationImpl - Setting custom MessageInterpolator of type org.springframework.validation.beanvalidation.LocaleContextMessageInterpolator
15:53:19.533 [main] DEBUG org.hibernate.validator.internal.engine.ConfigurationImpl - Setting custom ParameterNameProvider of type org.springframework.validation.beanvalidation.LocalValidatorFactoryBean$1
15:53:19.536 [main] DEBUG org.hibernate.validator.internal.xml.config.ValidationXmlParser - Trying to load META-INF/validation.xml for XML based Validator configuration.
15:53:19.536 [main] DEBUG org.hibernate.validator.internal.xml.config.ResourceLoaderHelper - Trying to load META-INF/validation.xml via TCCL
15:53:19.537 [main] DEBUG org.hibernate.validator.internal.xml.config.ResourceLoaderHelper - Trying to load META-INF/validation.xml via Hibernate Validator's class loader
15:53:19.539 [main] DEBUG org.hibernate.validator.internal.xml.config.ValidationXmlParser - No META-INF/validation.xml found. Using annotation based configuration only.
15:53:19.575 [main] DEBUG org.hibernate.validator.internal.engine.ValidatorFactoryImpl - HV000234: Using org.springframework.validation.beanvalidation.LocaleContextMessageInterpolator as ValidatorFactory-scoped message interpolator.
15:53:19.575 [main] DEBUG org.hibernate.validator.internal.engine.ValidatorFactoryImpl - HV000234: Using org.hibernate.validator.internal.engine.resolver.JPATraversableResolver as ValidatorFactory-scoped traversable resolver.
15:53:19.575 [main] DEBUG org.hibernate.validator.internal.engine.ValidatorFactoryImpl - HV000234: Using org.hibernate.validator.internal.util.ExecutableParameterNameProvider as ValidatorFactory-scoped parameter name provider.
15:53:19.576 [main] DEBUG org.hibernate.validator.internal.engine.ValidatorFactoryImpl - HV000234: Using org.hibernate.validator.internal.engine.DefaultClockProvider as ValidatorFactory-scoped clock provider.
15:53:19.576 [main] DEBUG org.hibernate.validator.internal.engine.ValidatorFactoryImpl - HV000234: Using org.hibernate.validator.internal.engine.scripting.DefaultScriptEvaluatorFactory as ValidatorFactory-scoped script evaluator factory.
15:53:19.581 [main] DEBUG org.springframework.web.servlet.mvc.method.annotation.RequestMappingHandlerAdapter - ControllerAdvice beans: 0 @ModelAttribute, 0 @InitBinder, 1 RequestBodyAdvice, 1 ResponseBodyAdvice
15:53:19.598 [main] DEBUG org.springframework.web.servlet.mvc.method.annotation.ExceptionHandlerExceptionResolver - ControllerAdvice beans: 0 @ExceptionHandler, 1 ResponseBodyAdvice
15:53:19.599 [main] INFO org.springframework.mock.web.MockServletContext - Initializing Spring TestDispatcherServlet ''
15:53:19.599 [main] INFO org.springframework.test.web.servlet.TestDispatcherServlet - Initializing Servlet ''
15:53:19.599 [main] DEBUG org.springframework.test.web.servlet.TestDispatcherServlet - Detected AcceptHeaderLocaleResolver
15:53:19.599 [main] DEBUG org.springframework.test.web.servlet.TestDispatcherServlet - Detected FixedThemeResolver
15:53:19.600 [main] DEBUG org.springframework.test.web.servlet.TestDispatcherServlet - Detected org.springframework.web.servlet.view.DefaultRequestToViewNameTranslator@6d3c232f
15:53:19.601 [main] DEBUG org.springframework.test.web.servlet.TestDispatcherServlet - Detected org.springframework.web.servlet.support.SessionFlashMapManager@6b587673
15:53:19.602 [main] DEBUG org.springframework.test.web.servlet.TestDispatcherServlet - enableLoggingRequestDetails='false': request parameters and headers will be masked to prevent unsafe logging of potentially sensitive data
15:53:19.602 [main] INFO org.springframework.test.web.servlet.TestDispatcherServlet - Completed initialization in 3 ms
15:53:19.602 [main] DEBUG org.springframework.test.web.servlet.TestDispatcherServlet - POST "/user/sendCode", parameters={}
15:53:19.604 [main] WARN org.springframework.web.servlet.PageNotFound - No mapping for POST /user/sendCode
15:53:19.621 [main] DEBUG org.springframework.test.web.servlet.TestDispatcherServlet - Completed 404 NOT_FOUND
]]></system-out>
  </testcase>
  <testcase name="authenticate" classname="com.mosaiker.userservice.controller.UserControllerTest" time="0.501">
    <failure message="Status expected:&lt;200&gt; but was:&lt;404&gt;" type="java.lang.AssertionError"><![CDATA[java.lang.AssertionError: Status expected:<200> but was:<404>
	at com.mosaiker.userservice.controller.UserControllerTest.authenticate(UserControllerTest.java:217)
]]></failure>
    <system-out><![CDATA[15:53:19.628 [main] DEBUG org.springframework.web.servlet.mvc.method.annotation.RequestMappingHandlerMapping - 5 mappings in <unknown>
15:53:19.642 [main] DEBUG org.hibernate.validator.internal.engine.resolver.TraversableResolvers - Found javax.persistence.Persistence on classpath containing 'getPersistenceUtil'. Assuming JPA 2 environment. Trying to instantiate JPA aware TraversableResolver
15:53:19.642 [main] DEBUG org.hibernate.validator.internal.engine.resolver.TraversableResolvers - Instantiated JPA aware TraversableResolver of type org.hibernate.validator.internal.engine.resolver.JPATraversableResolver.
15:53:19.643 [main] DEBUG org.hibernate.validator.messageinterpolation.ResourceBundleMessageInterpolator - Loaded expression factory via original TCCL
15:53:19.643 [main] DEBUG org.hibernate.validator.internal.engine.ConfigurationImpl - Setting custom MessageInterpolator of type org.springframework.validation.beanvalidation.LocaleContextMessageInterpolator
15:53:19.643 [main] DEBUG org.hibernate.validator.internal.engine.ConfigurationImpl - Setting custom ParameterNameProvider of type org.springframework.validation.beanvalidation.LocalValidatorFactoryBean$1
15:53:19.644 [main] DEBUG org.hibernate.validator.internal.xml.config.ValidationXmlParser - Trying to load META-INF/validation.xml for XML based Validator configuration.
15:53:19.644 [main] DEBUG org.hibernate.validator.internal.xml.config.ResourceLoaderHelper - Trying to load META-INF/validation.xml via TCCL
15:53:19.645 [main] DEBUG org.hibernate.validator.internal.xml.config.ResourceLoaderHelper - Trying to load META-INF/validation.xml via Hibernate Validator's class loader
15:53:19.646 [main] DEBUG org.hibernate.validator.internal.xml.config.ValidationXmlParser - No META-INF/validation.xml found. Using annotation based configuration only.
15:53:19.661 [main] DEBUG org.hibernate.validator.internal.engine.ValidatorFactoryImpl - HV000234: Using org.springframework.validation.beanvalidation.LocaleContextMessageInterpolator as ValidatorFactory-scoped message interpolator.
15:53:19.662 [main] DEBUG org.hibernate.validator.internal.engine.ValidatorFactoryImpl - HV000234: Using org.hibernate.validator.internal.engine.resolver.JPATraversableResolver as ValidatorFactory-scoped traversable resolver.
15:53:19.662 [main] DEBUG org.hibernate.validator.internal.engine.ValidatorFactoryImpl - HV000234: Using org.hibernate.validator.internal.util.ExecutableParameterNameProvider as ValidatorFactory-scoped parameter name provider.
15:53:19.662 [main] DEBUG org.hibernate.validator.internal.engine.ValidatorFactoryImpl - HV000234: Using org.hibernate.validator.internal.engine.DefaultClockProvider as ValidatorFactory-scoped clock provider.
15:53:19.662 [main] DEBUG org.hibernate.validator.internal.engine.ValidatorFactoryImpl - HV000234: Using org.hibernate.validator.internal.engine.scripting.DefaultScriptEvaluatorFactory as ValidatorFactory-scoped script evaluator factory.
15:53:19.663 [main] DEBUG org.springframework.web.servlet.mvc.method.annotation.RequestMappingHandlerAdapter - ControllerAdvice beans: 0 @ModelAttribute, 0 @InitBinder, 1 RequestBodyAdvice, 1 ResponseBodyAdvice
15:53:19.711 [main] DEBUG org.springframework.web.servlet.mvc.method.annotation.ExceptionHandlerExceptionResolver - ControllerAdvice beans: 0 @ExceptionHandler, 1 ResponseBodyAdvice
15:53:19.714 [main] INFO org.springframework.mock.web.MockServletContext - Initializing Spring TestDispatcherServlet ''
15:53:19.715 [main] INFO org.springframework.test.web.servlet.TestDispatcherServlet - Initializing Servlet ''
15:53:19.715 [main] DEBUG org.springframework.test.web.servlet.TestDispatcherServlet - Detected AcceptHeaderLocaleResolver
15:53:19.715 [main] DEBUG org.springframework.test.web.servlet.TestDispatcherServlet - Detected FixedThemeResolver
15:53:19.715 [main] DEBUG org.springframework.test.web.servlet.TestDispatcherServlet - Detected org.springframework.web.servlet.view.DefaultRequestToViewNameTranslator@67001148
15:53:19.715 [main] DEBUG org.springframework.test.web.servlet.TestDispatcherServlet - Detected org.springframework.web.servlet.support.SessionFlashMapManager@989da1
15:53:19.715 [main] DEBUG org.springframework.test.web.servlet.TestDispatcherServlet - enableLoggingRequestDetails='false': request parameters and headers will be masked to prevent unsafe logging of potentially sensitive data
15:53:19.717 [main] INFO org.springframework.test.web.servlet.TestDispatcherServlet - Completed initialization in 2 ms
15:53:19.814 [main] DEBUG org.springframework.test.web.servlet.TestDispatcherServlet - POST "/user/authenticate", parameters={}
15:53:19.815 [main] WARN org.springframework.web.servlet.PageNotFound - No mapping for POST /user/authenticate
15:53:19.816 [main] DEBUG org.springframework.test.web.servlet.TestDispatcherServlet - Completed 404 NOT_FOUND
]]></system-out>
  </testcase>
</testsuite>