<?xml version="1.0" encoding="UTF-8"?>
<testsuite xmlns:xsi="http://www.w3.org/2001/XMLSchema-instance" xsi:noNamespaceSchemaLocation="https://maven.apache.org/surefire/maven-surefire-plugin/xsd/surefire-test-report.xsd" name="com.mosaiker.userservice.utils.UtilsTest" time="0.03" tests="3" errors="0" skipped="0" failures="0">
  <properties>
    <property name="sun.desktop" value="windows"/>
    <property name="awt.toolkit" value="sun.awt.windows.WToolkit"/>
    <property name="java.specification.version" value="11"/>
    <property name="sun.cpu.isalist" value="amd64"/>
    <property name="sun.jnu.encoding" value="GBK"/>
    <property name="java.class.path" value="C:\Users\Lenovo\Desktop\winsper\Winsper-UserService\Winsper-UserServicedev\target\test-classes;C:\Users\Lenovo\Desktop\winsper\Winsper-UserService\Winsper-UserServicedev\target\classes;D:\apache-maven-3.6.0-bin\apache-maven-3.6.0\repository\org\springframework\boot\spring-boot-starter-web\2.1.6.RELEASE\spring-boot-starter-web-2.1.6.RELEASE.jar;D:\apache-maven-3.6.0-bin\apache-maven-3.6.0\repository\org\springframework\boot\spring-boot-starter\2.1.6.RELEASE\spring-boot-starter-2.1.6.RELEASE.jar;D:\apache-maven-3.6.0-bin\apache-maven-3.6.0\repository\org\springframework\boot\spring-boot\2.1.6.RELEASE\spring-boot-2.1.6.RELEASE.jar;D:\apache-maven-3.6.0-bin\apache-maven-3.6.0\repository\org\springframework\boot\spring-boot-autoconfigure\2.1.6.RELEASE\spring-boot-autoconfigure-2.1.6.RELEASE.jar;D:\apache-maven-3.6.0-bin\apache-maven-3.6.0\repository\org\springframework\boot\spring-boot-starter-logging\2.1.6.RELEASE\spring-boot-starter-logging-2.1.6.RELEASE.jar;D:\apache-maven-3.6.0-bin\apache-maven-3.6.0\repository\ch\qos\logback\logback-classic\1.2.3\logback-classic-1.2.3.jar;D:\apache-maven-3.6.0-bin\apache-maven-3.6.0\repository\ch\qos\logback\logback-core\1.2.3\logback-core-1.2.3.jar;D:\apache-maven-3.6.0-bin\apache-maven-3.6.0\repository\org\apache\logging\log4j\log4j-to-slf4j\2.11.2\log4j-to-slf4j-2.11.2.jar;D:\apache-maven-3.6.0-bin\apache-maven-3.6.0\repository\org\apache\logging\log4j\log4j-api\2.11.2\log4j-api-2.11.2.jar;D:\apache-maven-3.6.0-bin\apache-maven-3.6.0\repository\org\slf4j\jul-to-slf4j\1.7.26\jul-to-slf4j-1.7.26.jar;D:\apache-maven-3.6.0-bin\apache-maven-3.6.0\repository\javax\annotation\javax.annotation-api\1.3.2\javax.annotation-api-1.3.2.jar;D:\apache-maven-3.6.0-bin\apache-maven-3.6.0\repository\org\yaml\snakeyaml\1.23\snakeyaml-1.23.jar;D:\apache-maven-3.6.0-bin\apache-maven-3.6.0\repository\org\springframework\boot\spring-boot-starter-json\2.1.6.RELEASE\spring-boot-starter-json-2.1.6.RELEASE.jar;D:\apache-maven-3.6.0-bin\apache-maven-3.6.0\repository\com\fasterxml\jackson\datatype\jackson-datatype-jdk8\2.9.9\jackson-datatype-jdk8-2.9.9.jar;D:\apache-maven-3.6.0-bin\apache-maven-3.6.0\repository\com\fasterxml\jackson\datatype\jackson-datatype-jsr310\2.9.9\jackson-datatype-jsr310-2.9.9.jar;D:\apache-maven-3.6.0-bin\apache-maven-3.6.0\repository\com\fasterxml\jackson\module\jackson-module-parameter-names\2.9.9\jackson-module-parameter-names-2.9.9.jar;D:\apache-maven-3.6.0-bin\apache-maven-3.6.0\repository\org\springframework\boot\spring-boot-starter-tomcat\2.1.6.RELEASE\spring-boot-starter-tomcat-2.1.6.RELEASE.jar;D:\apache-maven-3.6.0-bin\apache-maven-3.6.0\repository\org\apache\tomcat\embed\tomcat-embed-core\9.0.21\tomcat-embed-core-9.0.21.jar;D:\apache-maven-3.6.0-bin\apache-maven-3.6.0\repository\org\apache\tomcat\embed\tomcat-embed-el\9.0.21\tomcat-embed-el-9.0.21.jar;D:\apache-maven-3.6.0-bin\apache-maven-3.6.0\repository\org\apache\tomcat\embed\tomcat-embed-websocket\9.0.21\tomcat-embed-websocket-9.0.21.jar;D:\apache-maven-3.6.0-bin\apache-maven-3.6.0\repository\org\hibernate\validator\hibernate-validator\6.0.17.Final\hibernate-validator-6.0.17.Final.jar;D:\apache-maven-3.6.0-bin\apache-maven-3.6.0\repository\javax\validation\validation-api\2.0.1.Final\validation-api-2.0.1.Final.jar;D:\apache-maven-3.6.0-bin\apache-maven-3.6.0\repository\org\jboss\logging\jboss-logging\3.3.2.Final\jboss-logging-3.3.2.Final.jar;D:\apache-maven-3.6.0-bin\apache-maven-3.6.0\repository\com\fasterxml\classmate\1.4.0\classmate-1.4.0.jar;D:\apache-maven-3.6.0-bin\apache-maven-3.6.0\repository\org\springframework\spring-web\5.1.8.RELEASE\spring-web-5.1.8.RELEASE.jar;D:\apache-maven-3.6.0-bin\apache-maven-3.6.0\repository\org\springframework\spring-beans\5.1.8.RELEASE\spring-beans-5.1.8.RELEASE.jar;D:\apache-maven-3.6.0-bin\apache-maven-3.6.0\repository\org\springframework\spring-webmvc\5.1.8.RELEASE\spring-webmvc-5.1.8.RELEASE.jar;D:\apache-maven-3.6.0-bin\apache-maven-3.6.0\repository\org\springframework\spring-aop\5.1.8.RELEASE\spring-aop-5.1.8.RELEASE.jar;D:\apache-maven-3.6.0-bin\apache-maven-3.6.0\repository\org\springframework\spring-context\5.1.8.RELEASE\spring-context-5.1.8.RELEASE.jar;D:\apache-maven-3.6.0-bin\apache-maven-3.6.0\repository\org\springframework\spring-expression\5.1.8.RELEASE\spring-expression-5.1.8.RELEASE.jar;D:\apache-maven-3.6.0-bin\apache-maven-3.6.0\repository\org\springframework\boot\spring-boot-starter-test\2.1.6.RELEASE\spring-boot-starter-test-2.1.6.RELEASE.jar;D:\apache-maven-3.6.0-bin\apache-maven-3.6.0\repository\org\springframework\boot\spring-boot-test\2.1.6.RELEASE\spring-boot-test-2.1.6.RELEASE.jar;D:\apache-maven-3.6.0-bin\apache-maven-3.6.0\repository\org\springframework\boot\spring-boot-test-autoconfigure\2.1.6.RELEASE\spring-boot-test-autoconfigure-2.1.6.RELEASE.jar;D:\apache-maven-3.6.0-bin\apache-maven-3.6.0\repository\com\jayway\jsonpath\json-path\2.4.0\json-path-2.4.0.jar;D:\apache-maven-3.6.0-bin\apache-maven-3.6.0\repository\net\minidev\json-smart\2.3\json-smart-2.3.jar;D:\apache-maven-3.6.0-bin\apache-maven-3.6.0\repository\net\minidev\accessors-smart\1.2\accessors-smart-1.2.jar;D:\apache-maven-3.6.0-bin\apache-maven-3.6.0\repository\org\slf4j\slf4j-api\1.7.26\slf4j-api-1.7.26.jar;D:\apache-maven-3.6.0-bin\apache-maven-3.6.0\repository\junit\junit\4.12\junit-4.12.jar;D:\apache-maven-3.6.0-bin\apache-maven-3.6.0\repository\org\assertj\assertj-core\3.11.1\assertj-core-3.11.1.jar;D:\apache-maven-3.6.0-bin\apache-maven-3.6.0\repository\org\mockito\mockito-core\2.23.4\mockito-core-2.23.4.jar;D:\apache-maven-3.6.0-bin\apache-maven-3.6.0\repository\net\bytebuddy\byte-buddy\1.9.13\byte-buddy-1.9.13.jar;D:\apache-maven-3.6.0-bin\apache-maven-3.6.0\repository\net\bytebuddy\byte-buddy-agent\1.9.13\byte-buddy-agent-1.9.13.jar;D:\apache-maven-3.6.0-bin\apache-maven-3.6.0\repository\org\objenesis\objenesis\2.6\objenesis-2.6.jar;D:\apache-maven-3.6.0-bin\apache-maven-3.6.0\repository\org\hamcrest\hamcrest-core\1.3\hamcrest-core-1.3.jar;D:\apache-maven-3.6.0-bin\apache-maven-3.6.0\repository\org\hamcrest\hamcrest-library\1.3\hamcrest-library-1.3.jar;D:\apache-maven-3.6.0-bin\apache-maven-3.6.0\repository\org\skyscreamer\jsonassert\1.5.0\jsonassert-1.5.0.jar;D:\apache-maven-3.6.0-bin\apache-maven-3.6.0\repository\com\vaadin\external\google\android-json\0.0.20131108.vaadin1\android-json-0.0.20131108.vaadin1.jar;D:\apache-maven-3.6.0-bin\apache-maven-3.6.0\repository\org\springframework\spring-core\5.1.8.RELEASE\spring-core-5.1.8.RELEASE.jar;D:\apache-maven-3.6.0-bin\apache-maven-3.6.0\repository\org\springframework\spring-jcl\5.1.8.RELEASE\spring-jcl-5.1.8.RELEASE.jar;D:\apache-maven-3.6.0-bin\apache-maven-3.6.0\repository\org\springframework\spring-test\5.1.8.RELEASE\spring-test-5.1.8.RELEASE.jar;D:\apache-maven-3.6.0-bin\apache-maven-3.6.0\repository\org\xmlunit\xmlunit-core\2.6.2\xmlunit-core-2.6.2.jar;D:\apache-maven-3.6.0-bin\apache-maven-3.6.0\repository\com\zhenzikj\zhenzisms\1.0.2\zhenzisms-1.0.2.jar;D:\apache-maven-3.6.0-bin\apache-maven-3.6.0\repository\org\springframework\boot\spring-boot-starter-data-jpa\2.1.6.RELEASE\spring-boot-starter-data-jpa-2.1.6.RELEASE.jar;D:\apache-maven-3.6.0-bin\apache-maven-3.6.0\repository\org\springframework\boot\spring-boot-starter-aop\2.1.6.RELEASE\spring-boot-starter-aop-2.1.6.RELEASE.jar;D:\apache-maven-3.6.0-bin\apache-maven-3.6.0\repository\org\aspectj\aspectjweaver\1.9.4\aspectjweaver-1.9.4.jar;D:\apache-maven-3.6.0-bin\apache-maven-3.6.0\repository\org\springframework\boot\spring-boot-starter-jdbc\2.1.6.RELEASE\spring-boot-starter-jdbc-2.1.6.RELEASE.jar;D:\apache-maven-3.6.0-bin\apache-maven-3.6.0\repository\com\zaxxer\HikariCP\3.2.0\HikariCP-3.2.0.jar;D:\apache-maven-3.6.0-bin\apache-maven-3.6.0\repository\org\springframework\spring-jdbc\5.1.8.RELEASE\spring-jdbc-5.1.8.RELEASE.jar;D:\apache-maven-3.6.0-bin\apache-maven-3.6.0\repository\javax\transaction\javax.transaction-api\1.3\javax.transaction-api-1.3.jar;D:\apache-maven-3.6.0-bin\apache-maven-3.6.0\repository\javax\xml\bind\jaxb-api\2.3.1\jaxb-api-2.3.1.jar;D:\apache-maven-3.6.0-bin\apache-maven-3.6.0\repository\javax\activation\javax.activation-api\1.2.0\javax.activation-api-1.2.0.jar;D:\apache-maven-3.6.0-bin\apache-maven-3.6.0\repository\org\hibernate\hibernate-core\5.3.10.Final\hibernate-core-5.3.10.Final.jar;D:\apache-maven-3.6.0-bin\apache-maven-3.6.0\repository\javax\persistence\javax.persistence-api\2.2\javax.persistence-api-2.2.jar;D:\apache-maven-3.6.0-bin\apache-maven-3.6.0\repository\org\javassist\javassist\3.23.2-GA\javassist-3.23.2-GA.jar;D:\apache-maven-3.6.0-bin\apache-maven-3.6.0\repository\antlr\antlr\2.7.7\antlr-2.7.7.jar;D:\apache-maven-3.6.0-bin\apache-maven-3.6.0\repository\org\jboss\jandex\2.0.5.Final\jandex-2.0.5.Final.jar;D:\apache-maven-3.6.0-bin\apache-maven-3.6.0\repository\org\dom4j\dom4j\2.1.1\dom4j-2.1.1.jar;D:\apache-maven-3.6.0-bin\apache-maven-3.6.0\repository\org\hibernate\common\hibernate-commons-annotations\5.0.4.Final\hibernate-commons-annotations-5.0.4.Final.jar;D:\apache-maven-3.6.0-bin\apache-maven-3.6.0\repository\org\springframework\data\spring-data-jpa\2.1.9.RELEASE\spring-data-jpa-2.1.9.RELEASE.jar;D:\apache-maven-3.6.0-bin\apache-maven-3.6.0\repository\org\springframework\data\spring-data-commons\2.1.9.RELEASE\spring-data-commons-2.1.9.RELEASE.jar;D:\apache-maven-3.6.0-bin\apache-maven-3.6.0\repository\org\springframework\spring-orm\5.1.8.RELEASE\spring-orm-5.1.8.RELEASE.jar;D:\apache-maven-3.6.0-bin\apache-maven-3.6.0\repository\org\springframework\spring-tx\5.1.8.RELEASE\spring-tx-5.1.8.RELEASE.jar;D:\apache-maven-3.6.0-bin\apache-maven-3.6.0\repository\org\springframework\spring-aspects\5.1.8.RELEASE\spring-aspects-5.1.8.RELEASE.jar;D:\apache-maven-3.6.0-bin\apache-maven-3.6.0\repository\org\springframework\cloud\spring-cloud-starter-netflix-eureka-client\2.1.1.RELEASE\spring-cloud-starter-netflix-eureka-client-2.1.1.RELEASE.jar;D:\apache-maven-3.6.0-bin\apache-maven-3.6.0\repository\org\springframework\cloud\spring-cloud-starter\2.1.1.RELEASE\spring-cloud-starter-2.1.1.RELEASE.jar;D:\apache-maven-3.6.0-bin\apache-maven-3.6.0\repository\org\springframework\cloud\spring-cloud-context\2.1.1.RELEASE\spring-cloud-context-2.1.1.RELEASE.jar;D:\apache-maven-3.6.0-bin\apache-maven-3.6.0\repository\org\springframework\security\spring-security-rsa\1.0.7.RELEASE\spring-security-rsa-1.0.7.RELEASE.jar;D:\apache-maven-3.6.0-bin\apache-maven-3.6.0\repository\org\bouncycastle\bcpkix-jdk15on\1.60\bcpkix-jdk15on-1.60.jar;D:\apache-maven-3.6.0-bin\apache-maven-3.6.0\repository\org\bouncycastle\bcprov-jdk15on\1.60\bcprov-jdk15on-1.60.jar;D:\apache-maven-3.6.0-bin\apache-maven-3.6.0\repository\org\springframework\cloud\spring-cloud-netflix-hystrix\2.1.1.RELEASE\spring-cloud-netflix-hystrix-2.1.1.RELEASE.jar;D:\apache-maven-3.6.0-bin\apache-maven-3.6.0\repository\org\springframework\cloud\spring-cloud-netflix-eureka-client\2.1.1.RELEASE\spring-cloud-netflix-eureka-client-2.1.1.RELEASE.jar;D:\apache-maven-3.6.0-bin\apache-maven-3.6.0\repository\com\netflix\eureka\eureka-client\1.9.8\eureka-client-1.9.8.jar;D:\apache-maven-3.6.0-bin\apache-maven-3.6.0\repository\org\codehaus\jettison\jettison\1.3.7\jettison-1.3.7.jar;D:\apache-maven-3.6.0-bin\apache-maven-3.6.0\repository\stax\stax-api\1.0.1\stax-api-1.0.1.jar;D:\apache-maven-3.6.0-bin\apache-maven-3.6.0\repository\com\netflix\netflix-commons\netflix-eventbus\0.3.0\netflix-eventbus-0.3.0.jar;D:\apache-maven-3.6.0-bin\apache-maven-3.6.0\repository\com\netflix\netflix-commons\netflix-infix\0.3.0\netflix-infix-0.3.0.jar;D:\apache-maven-3.6.0-bin\apache-maven-3.6.0\repository\commons-jxpath\commons-jxpath\1.3\commons-jxpath-1.3.jar;D:\apache-maven-3.6.0-bin\apache-maven-3.6.0\repository\joda-time\joda-time\2.10.2\joda-time-2.10.2.jar;D:\apache-maven-3.6.0-bin\apache-maven-3.6.0\repository\org\antlr\antlr-runtime\3.4\antlr-runtime-3.4.jar;D:\apache-maven-3.6.0-bin\apache-maven-3.6.0\repository\org\antlr\stringtemplate\3.2.1\stringtemplate-3.2.1.jar;D:\apache-maven-3.6.0-bin\apache-maven-3.6.0\repository\com\google\code\gson\gson\2.8.5\gson-2.8.5.jar;D:\apache-maven-3.6.0-bin\apache-maven-3.6.0\repository\org\apache\commons\commons-math\2.2\commons-math-2.2.jar;D:\apache-maven-3.6.0-bin\apache-maven-3.6.0\repository\com\netflix\archaius\archaius-core\0.7.6\archaius-core-0.7.6.jar;D:\apache-maven-3.6.0-bin\apache-maven-3.6.0\repository\javax\ws\rs\jsr311-api\1.1.1\jsr311-api-1.1.1.jar;D:\apache-maven-3.6.0-bin\apache-maven-3.6.0\repository\com\netflix\servo\servo-core\0.12.21\servo-core-0.12.21.jar;D:\apache-maven-3.6.0-bin\apache-maven-3.6.0\repository\com\sun\jersey\jersey-core\1.19.1\jersey-core-1.19.1.jar;D:\apache-maven-3.6.0-bin\apache-maven-3.6.0\repository\com\sun\jersey\jersey-client\1.19.1\jersey-client-1.19.1.jar;D:\apache-maven-3.6.0-bin\apache-maven-3.6.0\repository\com\sun\jersey\contribs\jersey-apache-client4\1.19.1\jersey-apache-client4-1.19.1.jar;D:\apache-maven-3.6.0-bin\apache-maven-3.6.0\repository\org\apache\httpcomponents\httpclient\4.5.9\httpclient-4.5.9.jar;D:\apache-maven-3.6.0-bin\apache-maven-3.6.0\repository\org\apache\httpcomponents\httpcore\4.4.11\httpcore-4.4.11.jar;D:\apache-maven-3.6.0-bin\apache-maven-3.6.0\repository\commons-codec\commons-codec\1.11\commons-codec-1.11.jar;D:\apache-maven-3.6.0-bin\apache-maven-3.6.0\repository\com\google\inject\guice\4.1.0\guice-4.1.0.jar;D:\apache-maven-3.6.0-bin\apache-maven-3.6.0\repository\aopalliance\aopalliance\1.0\aopalliance-1.0.jar;D:\apache-maven-3.6.0-bin\apache-maven-3.6.0\repository\com\github\vlsi\compactmap\compactmap\1.2.1\compactmap-1.2.1.jar;D:\apache-maven-3.6.0-bin\apache-maven-3.6.0\repository\com\github\andrewoma\dexx\dexx-collections\0.2\dexx-collections-0.2.jar;D:\apache-maven-3.6.0-bin\apache-maven-3.6.0\repository\com\fasterxml\jackson\core\jackson-annotations\2.9.0\jackson-annotations-2.9.0.jar;D:\apache-maven-3.6.0-bin\apache-maven-3.6.0\repository\com\fasterxml\jackson\core\jackson-core\2.9.9\jackson-core-2.9.9.jar;D:\apache-maven-3.6.0-bin\apache-maven-3.6.0\repository\com\netflix\eureka\eureka-core\1.9.8\eureka-core-1.9.8.jar;D:\apache-maven-3.6.0-bin\apache-maven-3.6.0\repository\org\codehaus\woodstox\woodstox-core-asl\4.4.1\woodstox-core-asl-4.4.1.jar;D:\apache-maven-3.6.0-bin\apache-maven-3.6.0\repository\javax\xml\stream\stax-api\1.0-2\stax-api-1.0-2.jar;D:\apache-maven-3.6.0-bin\apache-maven-3.6.0\repository\org\codehaus\woodstox\stax2-api\3.1.4\stax2-api-3.1.4.jar;D:\apache-maven-3.6.0-bin\apache-maven-3.6.0\repository\org\springframework\cloud\spring-cloud-starter-netflix-archaius\2.1.1.RELEASE\spring-cloud-starter-netflix-archaius-2.1.1.RELEASE.jar;D:\apache-maven-3.6.0-bin\apache-maven-3.6.0\repository\org\springframework\cloud\spring-cloud-netflix-archaius\2.1.1.RELEASE\spring-cloud-netflix-archaius-2.1.1.RELEASE.jar;D:\apache-maven-3.6.0-bin\apache-maven-3.6.0\repository\commons-configuration\commons-configuration\1.8\commons-configuration-1.8.jar;D:\apache-maven-3.6.0-bin\apache-maven-3.6.0\repository\com\netflix\ribbon\ribbon-eureka\2.3.0\ribbon-eureka-2.3.0.jar;D:\apache-maven-3.6.0-bin\apache-maven-3.6.0\repository\com\thoughtworks\xstream\xstream\1.4.10\xstream-1.4.10.jar;D:\apache-maven-3.6.0-bin\apache-maven-3.6.0\repository\xmlpull\xmlpull\1.1.3.1\xmlpull-1.1.3.1.jar;D:\apache-maven-3.6.0-bin\apache-maven-3.6.0\repository\xpp3\xpp3_min\1.1.4c\xpp3_min-1.1.4c.jar;D:\apache-maven-3.6.0-bin\apache-maven-3.6.0\repository\org\springframework\cloud\spring-cloud-starter-netflix-eureka-server\2.1.1.RELEASE\spring-cloud-starter-netflix-eureka-server-2.1.1.RELEASE.jar;D:\apache-maven-3.6.0-bin\apache-maven-3.6.0\repository\org\springframework\cloud\spring-cloud-netflix-eureka-server\2.1.1.RELEASE\spring-cloud-netflix-eureka-server-2.1.1.RELEASE.jar;D:\apache-maven-3.6.0-bin\apache-maven-3.6.0\repository\org\springframework\boot\spring-boot-starter-freemarker\2.1.6.RELEASE\spring-boot-starter-freemarker-2.1.6.RELEASE.jar;D:\apache-maven-3.6.0-bin\apache-maven-3.6.0\repository\org\freemarker\freemarker\2.3.28\freemarker-2.3.28.jar;D:\apache-maven-3.6.0-bin\apache-maven-3.6.0\repository\org\springframework\spring-context-support\5.1.8.RELEASE\spring-context-support-5.1.8.RELEASE.jar;D:\apache-maven-3.6.0-bin\apache-maven-3.6.0\repository\com\sun\jersey\jersey-servlet\1.19.1\jersey-servlet-1.19.1.jar;D:\apache-maven-3.6.0-bin\apache-maven-3.6.0\repository\com\sun\jersey\jersey-server\1.19.1\jersey-server-1.19.1.jar;D:\apache-maven-3.6.0-bin\apache-maven-3.6.0\repository\javax\inject\javax.inject\1\javax.inject-1.jar;D:\apache-maven-3.6.0-bin\apache-maven-3.6.0\repository\com\fasterxml\jackson\dataformat\jackson-dataformat-xml\2.9.9\jackson-dataformat-xml-2.9.9.jar;D:\apache-maven-3.6.0-bin\apache-maven-3.6.0\repository\com\fasterxml\jackson\module\jackson-module-jaxb-annotations\2.9.9\jackson-module-jaxb-annotations-2.9.9.jar;D:\apache-maven-3.6.0-bin\apache-maven-3.6.0\repository\com\fasterxml\woodstox\woodstox-core\5.0.3\woodstox-core-5.0.3.jar;D:\apache-maven-3.6.0-bin\apache-maven-3.6.0\repository\org\springframework\cloud\spring-cloud-starter-netflix-hystrix\2.1.1.RELEASE\spring-cloud-starter-netflix-hystrix-2.1.1.RELEASE.jar;D:\apache-maven-3.6.0-bin\apache-maven-3.6.0\repository\org\springframework\cloud\spring-cloud-netflix-ribbon\2.1.1.RELEASE\spring-cloud-netflix-ribbon-2.1.1.RELEASE.jar;D:\apache-maven-3.6.0-bin\apache-maven-3.6.0\repository\com\netflix\hystrix\hystrix-core\1.5.18\hystrix-core-1.5.18.jar;D:\apache-maven-3.6.0-bin\apache-maven-3.6.0\repository\org\hdrhistogram\HdrHistogram\2.1.9\HdrHistogram-2.1.9.jar;D:\apache-maven-3.6.0-bin\apache-maven-3.6.0\repository\com\netflix\hystrix\hystrix-serialization\1.5.18\hystrix-serialization-1.5.18.jar;D:\apache-maven-3.6.0-bin\apache-maven-3.6.0\repository\com\fasterxml\jackson\module\jackson-module-afterburner\2.9.9\jackson-module-afterburner-2.9.9.jar;D:\apache-maven-3.6.0-bin\apache-maven-3.6.0\repository\com\netflix\hystrix\hystrix-metrics-event-stream\1.5.18\hystrix-metrics-event-stream-1.5.18.jar;D:\apache-maven-3.6.0-bin\apache-maven-3.6.0\repository\com\netflix\hystrix\hystrix-javanica\1.5.18\hystrix-javanica-1.5.18.jar;D:\apache-maven-3.6.0-bin\apache-maven-3.6.0\repository\org\apache\commons\commons-lang3\3.8.1\commons-lang3-3.8.1.jar;D:\apache-maven-3.6.0-bin\apache-maven-3.6.0\repository\org\ow2\asm\asm\5.0.4\asm-5.0.4.jar;D:\apache-maven-3.6.0-bin\apache-maven-3.6.0\repository\com\google\guava\guava\15.0\guava-15.0.jar;D:\apache-maven-3.6.0-bin\apache-maven-3.6.0\repository\io\reactivex\rxjava-reactive-streams\1.2.1\rxjava-reactive-streams-1.2.1.jar;D:\apache-maven-3.6.0-bin\apache-maven-3.6.0\repository\org\reactivestreams\reactive-streams\1.0.2\reactive-streams-1.0.2.jar;D:\apache-maven-3.6.0-bin\apache-maven-3.6.0\repository\org\springframework\cloud\spring-cloud-starter-netflix-ribbon\2.1.1.RELEASE\spring-cloud-starter-netflix-ribbon-2.1.1.RELEASE.jar;D:\apache-maven-3.6.0-bin\apache-maven-3.6.0\repository\com\netflix\ribbon\ribbon\2.3.0\ribbon-2.3.0.jar;D:\apache-maven-3.6.0-bin\apache-maven-3.6.0\repository\com\netflix\ribbon\ribbon-transport\2.3.0\ribbon-transport-2.3.0.jar;D:\apache-maven-3.6.0-bin\apache-maven-3.6.0\repository\io\reactivex\rxnetty-contexts\0.4.9\rxnetty-contexts-0.4.9.jar;D:\apache-maven-3.6.0-bin\apache-maven-3.6.0\repository\io\reactivex\rxnetty-servo\0.4.9\rxnetty-servo-0.4.9.jar;D:\apache-maven-3.6.0-bin\apache-maven-3.6.0\repository\io\reactivex\rxnetty\0.4.9\rxnetty-0.4.9.jar;D:\apache-maven-3.6.0-bin\apache-maven-3.6.0\repository\com\netflix\ribbon\ribbon-core\2.3.0\ribbon-core-2.3.0.jar;D:\apache-maven-3.6.0-bin\apache-maven-3.6.0\repository\commons-lang\commons-lang\2.6\commons-lang-2.6.jar;D:\apache-maven-3.6.0-bin\apache-maven-3.6.0\repository\com\netflix\ribbon\ribbon-httpclient\2.3.0\ribbon-httpclient-2.3.0.jar;D:\apache-maven-3.6.0-bin\apache-maven-3.6.0\repository\commons-collections\commons-collections\3.2.2\commons-collections-3.2.2.jar;D:\apache-maven-3.6.0-bin\apache-maven-3.6.0\repository\com\netflix\netflix-commons\netflix-commons-util\0.3.0\netflix-commons-util-0.3.0.jar;D:\apache-maven-3.6.0-bin\apache-maven-3.6.0\repository\com\netflix\ribbon\ribbon-loadbalancer\2.3.0\ribbon-loadbalancer-2.3.0.jar;D:\apache-maven-3.6.0-bin\apache-maven-3.6.0\repository\com\netflix\netflix-commons\netflix-statistics\0.1.1\netflix-statistics-0.1.1.jar;D:\apache-maven-3.6.0-bin\apache-maven-3.6.0\repository\io\reactivex\rxjava\1.3.8\rxjava-1.3.8.jar;D:\apache-maven-3.6.0-bin\apache-maven-3.6.0\repository\org\springframework\cloud\spring-cloud-starter-openfeign\2.1.1.RELEASE\spring-cloud-starter-openfeign-2.1.1.RELEASE.jar;D:\apache-maven-3.6.0-bin\apache-maven-3.6.0\repository\org\springframework\cloud\spring-cloud-openfeign-core\2.1.1.RELEASE\spring-cloud-openfeign-core-2.1.1.RELEASE.jar;D:\apache-maven-3.6.0-bin\apache-maven-3.6.0\repository\io\github\openfeign\form\feign-form-spring\3.5.0\feign-form-spring-3.5.0.jar;D:\apache-maven-3.6.0-bin\apache-maven-3.6.0\repository\io\github\openfeign\form\feign-form\3.5.0\feign-form-3.5.0.jar;D:\apache-maven-3.6.0-bin\apache-maven-3.6.0\repository\commons-fileupload\commons-fileupload\1.3.3\commons-fileupload-1.3.3.jar;D:\apache-maven-3.6.0-bin\apache-maven-3.6.0\repository\commons-io\commons-io\2.2\commons-io-2.2.jar;D:\apache-maven-3.6.0-bin\apache-maven-3.6.0\repository\org\springframework\cloud\spring-cloud-commons\2.1.1.RELEASE\spring-cloud-commons-2.1.1.RELEASE.jar;D:\apache-maven-3.6.0-bin\apache-maven-3.6.0\repository\org\springframework\security\spring-security-crypto\5.1.5.RELEASE\spring-security-crypto-5.1.5.RELEASE.jar;D:\apache-maven-3.6.0-bin\apache-maven-3.6.0\repository\io\github\openfeign\feign-core\10.1.0\feign-core-10.1.0.jar;D:\apache-maven-3.6.0-bin\apache-maven-3.6.0\repository\io\github\openfeign\feign-slf4j\10.1.0\feign-slf4j-10.1.0.jar;D:\apache-maven-3.6.0-bin\apache-maven-3.6.0\repository\io\github\openfeign\feign-hystrix\10.1.0\feign-hystrix-10.1.0.jar;D:\apache-maven-3.6.0-bin\apache-maven-3.6.0\repository\mysql\mysql-connector-java\8.0.11\mysql-connector-java-8.0.11.jar;D:\apache-maven-3.6.0-bin\apache-maven-3.6.0\repository\com\alibaba\fastjson\1.2.28\fastjson-1.2.28.jar;D:\apache-maven-3.6.0-bin\apache-maven-3.6.0\repository\io\jsonwebtoken\jjwt\0.7.0\jjwt-0.7.0.jar;D:\apache-maven-3.6.0-bin\apache-maven-3.6.0\repository\com\fasterxml\jackson\core\jackson-databind\2.9.9\jackson-databind-2.9.9.jar;D:\apache-maven-3.6.0-bin\apache-maven-3.6.0\repository\org\springframework\boot\spring-boot-starter-actuator\2.1.6.RELEASE\spring-boot-starter-actuator-2.1.6.RELEASE.jar;D:\apache-maven-3.6.0-bin\apache-maven-3.6.0\repository\org\springframework\boot\spring-boot-actuator-autoconfigure\2.1.6.RELEASE\spring-boot-actuator-autoconfigure-2.1.6.RELEASE.jar;D:\apache-maven-3.6.0-bin\apache-maven-3.6.0\repository\org\springframework\boot\spring-boot-actuator\2.1.6.RELEASE\spring-boot-actuator-2.1.6.RELEASE.jar;D:\apache-maven-3.6.0-bin\apache-maven-3.6.0\repository\io\micrometer\micrometer-core\1.1.5\micrometer-core-1.1.5.jar;D:\apache-maven-3.6.0-bin\apache-maven-3.6.0\repository\org\latencyutils\LatencyUtils\2.0.3\LatencyUtils-2.0.3.jar;D:\apache-maven-3.6.0-bin\apache-maven-3.6.0\repository\org\springframework\cloud\spring-cloud-starter-config\2.1.1.RELEASE\spring-cloud-starter-config-2.1.1.RELEASE.jar;D:\apache-maven-3.6.0-bin\apache-maven-3.6.0\repository\org\springframework\cloud\spring-cloud-config-client\2.1.1.RELEASE\spring-cloud-config-client-2.1.1.RELEASE.jar;"/>
    <property name="java.vm.vendor" value="Oracle Corporation"/>
    <property name="sun.arch.data.model" value="64"/>
    <property name="user.variant" value=""/>
    <property name="java.vendor.url" value="http://java.oracle.com/"/>
    <property name="user.timezone" value="Asia/Shanghai"/>
    <property name="java.vm.specification.version" value="11"/>
    <property name="os.name" value="Windows 10"/>
    <property name="sun.java.launcher" value="SUN_STANDARD"/>
    <property name="user.country" value="CN"/>
    <property name="sun.boot.library.path" value="C:\Program Files\Java\jdk-11.0.2\bin"/>
    <property name="sun.java.command" value="C:\Users\Lenovo\AppData\Local\Temp\surefire13164202180892155357\surefirebooter6157163137147777616.jar C:\Users\Lenovo\AppData\Local\Temp\surefire13164202180892155357 2019-07-21T20-19-38_245-jvmRun1 surefire15949017598711197962tmp surefire_013023819476155695225tmp"/>
    <property name="jdk.debug" value="release"/>
    <property name="surefire.test.class.path" value="C:\Users\Lenovo\Desktop\winsper\Winsper-UserService\Winsper-UserServicedev\target\test-classes;C:\Users\Lenovo\Desktop\winsper\Winsper-UserService\Winsper-UserServicedev\target\classes;D:\apache-maven-3.6.0-bin\apache-maven-3.6.0\repository\org\springframework\boot\spring-boot-starter-web\2.1.6.RELEASE\spring-boot-starter-web-2.1.6.RELEASE.jar;D:\apache-maven-3.6.0-bin\apache-maven-3.6.0\repository\org\springframework\boot\spring-boot-starter\2.1.6.RELEASE\spring-boot-starter-2.1.6.RELEASE.jar;D:\apache-maven-3.6.0-bin\apache-maven-3.6.0\repository\org\springframework\boot\spring-boot\2.1.6.RELEASE\spring-boot-2.1.6.RELEASE.jar;D:\apache-maven-3.6.0-bin\apache-maven-3.6.0\repository\org\springframework\boot\spring-boot-autoconfigure\2.1.6.RELEASE\spring-boot-autoconfigure-2.1.6.RELEASE.jar;D:\apache-maven-3.6.0-bin\apache-maven-3.6.0\repository\org\springframework\boot\spring-boot-starter-logging\2.1.6.RELEASE\spring-boot-starter-logging-2.1.6.RELEASE.jar;D:\apache-maven-3.6.0-bin\apache-maven-3.6.0\repository\ch\qos\logback\logback-classic\1.2.3\logback-classic-1.2.3.jar;D:\apache-maven-3.6.0-bin\apache-maven-3.6.0\repository\ch\qos\logback\logback-core\1.2.3\logback-core-1.2.3.jar;D:\apache-maven-3.6.0-bin\apache-maven-3.6.0\repository\org\apache\logging\log4j\log4j-to-slf4j\2.11.2\log4j-to-slf4j-2.11.2.jar;D:\apache-maven-3.6.0-bin\apache-maven-3.6.0\repository\org\apache\logging\log4j\log4j-api\2.11.2\log4j-api-2.11.2.jar;D:\apache-maven-3.6.0-bin\apache-maven-3.6.0\repository\org\slf4j\jul-to-slf4j\1.7.26\jul-to-slf4j-1.7.26.jar;D:\apache-maven-3.6.0-bin\apache-maven-3.6.0\repository\javax\annotation\javax.annotation-api\1.3.2\javax.annotation-api-1.3.2.jar;D:\apache-maven-3.6.0-bin\apache-maven-3.6.0\repository\org\yaml\snakeyaml\1.23\snakeyaml-1.23.jar;D:\apache-maven-3.6.0-bin\apache-maven-3.6.0\repository\org\springframework\boot\spring-boot-starter-json\2.1.6.RELEASE\spring-boot-starter-json-2.1.6.RELEASE.jar;D:\apache-maven-3.6.0-bin\apache-maven-3.6.0\repository\com\fasterxml\jackson\datatype\jackson-datatype-jdk8\2.9.9\jackson-datatype-jdk8-2.9.9.jar;D:\apache-maven-3.6.0-bin\apache-maven-3.6.0\repository\com\fasterxml\jackson\datatype\jackson-datatype-jsr310\2.9.9\jackson-datatype-jsr310-2.9.9.jar;D:\apache-maven-3.6.0-bin\apache-maven-3.6.0\repository\com\fasterxml\jackson\module\jackson-module-parameter-names\2.9.9\jackson-module-parameter-names-2.9.9.jar;D:\apache-maven-3.6.0-bin\apache-maven-3.6.0\repository\org\springframework\boot\spring-boot-starter-tomcat\2.1.6.RELEASE\spring-boot-starter-tomcat-2.1.6.RELEASE.jar;D:\apache-maven-3.6.0-bin\apache-maven-3.6.0\repository\org\apache\tomcat\embed\tomcat-embed-core\9.0.21\tomcat-embed-core-9.0.21.jar;D:\apache-maven-3.6.0-bin\apache-maven-3.6.0\repository\org\apache\tomcat\embed\tomcat-embed-el\9.0.21\tomcat-embed-el-9.0.21.jar;D:\apache-maven-3.6.0-bin\apache-maven-3.6.0\repository\org\apache\tomcat\embed\tomcat-embed-websocket\9.0.21\tomcat-embed-websocket-9.0.21.jar;D:\apache-maven-3.6.0-bin\apache-maven-3.6.0\repository\org\hibernate\validator\hibernate-validator\6.0.17.Final\hibernate-validator-6.0.17.Final.jar;D:\apache-maven-3.6.0-bin\apache-maven-3.6.0\repository\javax\validation\validation-api\2.0.1.Final\validation-api-2.0.1.Final.jar;D:\apache-maven-3.6.0-bin\apache-maven-3.6.0\repository\org\jboss\logging\jboss-logging\3.3.2.Final\jboss-logging-3.3.2.Final.jar;D:\apache-maven-3.6.0-bin\apache-maven-3.6.0\repository\com\fasterxml\classmate\1.4.0\classmate-1.4.0.jar;D:\apache-maven-3.6.0-bin\apache-maven-3.6.0\repository\org\springframework\spring-web\5.1.8.RELEASE\spring-web-5.1.8.RELEASE.jar;D:\apache-maven-3.6.0-bin\apache-maven-3.6.0\repository\org\springframework\spring-beans\5.1.8.RELEASE\spring-beans-5.1.8.RELEASE.jar;D:\apache-maven-3.6.0-bin\apache-maven-3.6.0\repository\org\springframework\spring-webmvc\5.1.8.RELEASE\spring-webmvc-5.1.8.RELEASE.jar;D:\apache-maven-3.6.0-bin\apache-maven-3.6.0\repository\org\springframework\spring-aop\5.1.8.RELEASE\spring-aop-5.1.8.RELEASE.jar;D:\apache-maven-3.6.0-bin\apache-maven-3.6.0\repository\org\springframework\spring-context\5.1.8.RELEASE\spring-context-5.1.8.RELEASE.jar;D:\apache-maven-3.6.0-bin\apache-maven-3.6.0\repository\org\springframework\spring-expression\5.1.8.RELEASE\spring-expression-5.1.8.RELEASE.jar;D:\apache-maven-3.6.0-bin\apache-maven-3.6.0\repository\org\springframework\boot\spring-boot-starter-test\2.1.6.RELEASE\spring-boot-starter-test-2.1.6.RELEASE.jar;D:\apache-maven-3.6.0-bin\apache-maven-3.6.0\repository\org\springframework\boot\spring-boot-test\2.1.6.RELEASE\spring-boot-test-2.1.6.RELEASE.jar;D:\apache-maven-3.6.0-bin\apache-maven-3.6.0\repository\org\springframework\boot\spring-boot-test-autoconfigure\2.1.6.RELEASE\spring-boot-test-autoconfigure-2.1.6.RELEASE.jar;D:\apache-maven-3.6.0-bin\apache-maven-3.6.0\repository\com\jayway\jsonpath\json-path\2.4.0\json-path-2.4.0.jar;D:\apache-maven-3.6.0-bin\apache-maven-3.6.0\repository\net\minidev\json-smart\2.3\json-smart-2.3.jar;D:\apache-maven-3.6.0-bin\apache-maven-3.6.0\repository\net\minidev\accessors-smart\1.2\accessors-smart-1.2.jar;D:\apache-maven-3.6.0-bin\apache-maven-3.6.0\repository\org\slf4j\slf4j-api\1.7.26\slf4j-api-1.7.26.jar;D:\apache-maven-3.6.0-bin\apache-maven-3.6.0\repository\junit\junit\4.12\junit-4.12.jar;D:\apache-maven-3.6.0-bin\apache-maven-3.6.0\repository\org\assertj\assertj-core\3.11.1\assertj-core-3.11.1.jar;D:\apache-maven-3.6.0-bin\apache-maven-3.6.0\repository\org\mockito\mockito-core\2.23.4\mockito-core-2.23.4.jar;D:\apache-maven-3.6.0-bin\apache-maven-3.6.0\repository\net\bytebuddy\byte-buddy\1.9.13\byte-buddy-1.9.13.jar;D:\apache-maven-3.6.0-bin\apache-maven-3.6.0\repository\net\bytebuddy\byte-buddy-agent\1.9.13\byte-buddy-agent-1.9.13.jar;D:\apache-maven-3.6.0-bin\apache-maven-3.6.0\repository\org\objenesis\objenesis\2.6\objenesis-2.6.jar;D:\apache-maven-3.6.0-bin\apache-maven-3.6.0\repository\org\hamcrest\hamcrest-core\1.3\hamcrest-core-1.3.jar;D:\apache-maven-3.6.0-bin\apache-maven-3.6.0\repository\org\hamcrest\hamcrest-library\1.3\hamcrest-library-1.3.jar;D:\apache-maven-3.6.0-bin\apache-maven-3.6.0\repository\org\skyscreamer\jsonassert\1.5.0\jsonassert-1.5.0.jar;D:\apache-maven-3.6.0-bin\apache-maven-3.6.0\repository\com\vaadin\external\google\android-json\0.0.20131108.vaadin1\android-json-0.0.20131108.vaadin1.jar;D:\apache-maven-3.6.0-bin\apache-maven-3.6.0\repository\org\springframework\spring-core\5.1.8.RELEASE\spring-core-5.1.8.RELEASE.jar;D:\apache-maven-3.6.0-bin\apache-maven-3.6.0\repository\org\springframework\spring-jcl\5.1.8.RELEASE\spring-jcl-5.1.8.RELEASE.jar;D:\apache-maven-3.6.0-bin\apache-maven-3.6.0\repository\org\springframework\spring-test\5.1.8.RELEASE\spring-test-5.1.8.RELEASE.jar;D:\apache-maven-3.6.0-bin\apache-maven-3.6.0\repository\org\xmlunit\xmlunit-core\2.6.2\xmlunit-core-2.6.2.jar;D:\apache-maven-3.6.0-bin\apache-maven-3.6.0\repository\com\zhenzikj\zhenzisms\1.0.2\zhenzisms-1.0.2.jar;D:\apache-maven-3.6.0-bin\apache-maven-3.6.0\repository\org\springframework\boot\spring-boot-starter-data-jpa\2.1.6.RELEASE\spring-boot-starter-data-jpa-2.1.6.RELEASE.jar;D:\apache-maven-3.6.0-bin\apache-maven-3.6.0\repository\org\springframework\boot\spring-boot-starter-aop\2.1.6.RELEASE\spring-boot-starter-aop-2.1.6.RELEASE.jar;D:\apache-maven-3.6.0-bin\apache-maven-3.6.0\repository\org\aspectj\aspectjweaver\1.9.4\aspectjweaver-1.9.4.jar;D:\apache-maven-3.6.0-bin\apache-maven-3.6.0\repository\org\springframework\boot\spring-boot-starter-jdbc\2.1.6.RELEASE\spring-boot-starter-jdbc-2.1.6.RELEASE.jar;D:\apache-maven-3.6.0-bin\apache-maven-3.6.0\repository\com\zaxxer\HikariCP\3.2.0\HikariCP-3.2.0.jar;D:\apache-maven-3.6.0-bin\apache-maven-3.6.0\repository\org\springframework\spring-jdbc\5.1.8.RELEASE\spring-jdbc-5.1.8.RELEASE.jar;D:\apache-maven-3.6.0-bin\apache-maven-3.6.0\repository\javax\transaction\javax.transaction-api\1.3\javax.transaction-api-1.3.jar;D:\apache-maven-3.6.0-bin\apache-maven-3.6.0\repository\javax\xml\bind\jaxb-api\2.3.1\jaxb-api-2.3.1.jar;D:\apache-maven-3.6.0-bin\apache-maven-3.6.0\repository\javax\activation\javax.activation-api\1.2.0\javax.activation-api-1.2.0.jar;D:\apache-maven-3.6.0-bin\apache-maven-3.6.0\repository\org\hibernate\hibernate-core\5.3.10.Final\hibernate-core-5.3.10.Final.jar;D:\apache-maven-3.6.0-bin\apache-maven-3.6.0\repository\javax\persistence\javax.persistence-api\2.2\javax.persistence-api-2.2.jar;D:\apache-maven-3.6.0-bin\apache-maven-3.6.0\repository\org\javassist\javassist\3.23.2-GA\javassist-3.23.2-GA.jar;D:\apache-maven-3.6.0-bin\apache-maven-3.6.0\repository\antlr\antlr\2.7.7\antlr-2.7.7.jar;D:\apache-maven-3.6.0-bin\apache-maven-3.6.0\repository\org\jboss\jandex\2.0.5.Final\jandex-2.0.5.Final.jar;D:\apache-maven-3.6.0-bin\apache-maven-3.6.0\repository\org\dom4j\dom4j\2.1.1\dom4j-2.1.1.jar;D:\apache-maven-3.6.0-bin\apache-maven-3.6.0\repository\org\hibernate\common\hibernate-commons-annotations\5.0.4.Final\hibernate-commons-annotations-5.0.4.Final.jar;D:\apache-maven-3.6.0-bin\apache-maven-3.6.0\repository\org\springframework\data\spring-data-jpa\2.1.9.RELEASE\spring-data-jpa-2.1.9.RELEASE.jar;D:\apache-maven-3.6.0-bin\apache-maven-3.6.0\repository\org\springframework\data\spring-data-commons\2.1.9.RELEASE\spring-data-commons-2.1.9.RELEASE.jar;D:\apache-maven-3.6.0-bin\apache-maven-3.6.0\repository\org\springframework\spring-orm\5.1.8.RELEASE\spring-orm-5.1.8.RELEASE.jar;D:\apache-maven-3.6.0-bin\apache-maven-3.6.0\repository\org\springframework\spring-tx\5.1.8.RELEASE\spring-tx-5.1.8.RELEASE.jar;D:\apache-maven-3.6.0-bin\apache-maven-3.6.0\repository\org\springframework\spring-aspects\5.1.8.RELEASE\spring-aspects-5.1.8.RELEASE.jar;D:\apache-maven-3.6.0-bin\apache-maven-3.6.0\repository\org\springframework\cloud\spring-cloud-starter-netflix-eureka-client\2.1.1.RELEASE\spring-cloud-starter-netflix-eureka-client-2.1.1.RELEASE.jar;D:\apache-maven-3.6.0-bin\apache-maven-3.6.0\repository\org\springframework\cloud\spring-cloud-starter\2.1.1.RELEASE\spring-cloud-starter-2.1.1.RELEASE.jar;D:\apache-maven-3.6.0-bin\apache-maven-3.6.0\repository\org\springframework\cloud\spring-cloud-context\2.1.1.RELEASE\spring-cloud-context-2.1.1.RELEASE.jar;D:\apache-maven-3.6.0-bin\apache-maven-3.6.0\repository\org\springframework\security\spring-security-rsa\1.0.7.RELEASE\spring-security-rsa-1.0.7.RELEASE.jar;D:\apache-maven-3.6.0-bin\apache-maven-3.6.0\repository\org\bouncycastle\bcpkix-jdk15on\1.60\bcpkix-jdk15on-1.60.jar;D:\apache-maven-3.6.0-bin\apache-maven-3.6.0\repository\org\bouncycastle\bcprov-jdk15on\1.60\bcprov-jdk15on-1.60.jar;D:\apache-maven-3.6.0-bin\apache-maven-3.6.0\repository\org\springframework\cloud\spring-cloud-netflix-hystrix\2.1.1.RELEASE\spring-cloud-netflix-hystrix-2.1.1.RELEASE.jar;D:\apache-maven-3.6.0-bin\apache-maven-3.6.0\repository\org\springframework\cloud\spring-cloud-netflix-eureka-client\2.1.1.RELEASE\spring-cloud-netflix-eureka-client-2.1.1.RELEASE.jar;D:\apache-maven-3.6.0-bin\apache-maven-3.6.0\repository\com\netflix\eureka\eureka-client\1.9.8\eureka-client-1.9.8.jar;D:\apache-maven-3.6.0-bin\apache-maven-3.6.0\repository\org\codehaus\jettison\jettison\1.3.7\jettison-1.3.7.jar;D:\apache-maven-3.6.0-bin\apache-maven-3.6.0\repository\stax\stax-api\1.0.1\stax-api-1.0.1.jar;D:\apache-maven-3.6.0-bin\apache-maven-3.6.0\repository\com\netflix\netflix-commons\netflix-eventbus\0.3.0\netflix-eventbus-0.3.0.jar;D:\apache-maven-3.6.0-bin\apache-maven-3.6.0\repository\com\netflix\netflix-commons\netflix-infix\0.3.0\netflix-infix-0.3.0.jar;D:\apache-maven-3.6.0-bin\apache-maven-3.6.0\repository\commons-jxpath\commons-jxpath\1.3\commons-jxpath-1.3.jar;D:\apache-maven-3.6.0-bin\apache-maven-3.6.0\repository\joda-time\joda-time\2.10.2\joda-time-2.10.2.jar;D:\apache-maven-3.6.0-bin\apache-maven-3.6.0\repository\org\antlr\antlr-runtime\3.4\antlr-runtime-3.4.jar;D:\apache-maven-3.6.0-bin\apache-maven-3.6.0\repository\org\antlr\stringtemplate\3.2.1\stringtemplate-3.2.1.jar;D:\apache-maven-3.6.0-bin\apache-maven-3.6.0\repository\com\google\code\gson\gson\2.8.5\gson-2.8.5.jar;D:\apache-maven-3.6.0-bin\apache-maven-3.6.0\repository\org\apache\commons\commons-math\2.2\commons-math-2.2.jar;D:\apache-maven-3.6.0-bin\apache-maven-3.6.0\repository\com\netflix\archaius\archaius-core\0.7.6\archaius-core-0.7.6.jar;D:\apache-maven-3.6.0-bin\apache-maven-3.6.0\repository\javax\ws\rs\jsr311-api\1.1.1\jsr311-api-1.1.1.jar;D:\apache-maven-3.6.0-bin\apache-maven-3.6.0\repository\com\netflix\servo\servo-core\0.12.21\servo-core-0.12.21.jar;D:\apache-maven-3.6.0-bin\apache-maven-3.6.0\repository\com\sun\jersey\jersey-core\1.19.1\jersey-core-1.19.1.jar;D:\apache-maven-3.6.0-bin\apache-maven-3.6.0\repository\com\sun\jersey\jersey-client\1.19.1\jersey-client-1.19.1.jar;D:\apache-maven-3.6.0-bin\apache-maven-3.6.0\repository\com\sun\jersey\contribs\jersey-apache-client4\1.19.1\jersey-apache-client4-1.19.1.jar;D:\apache-maven-3.6.0-bin\apache-maven-3.6.0\repository\org\apache\httpcomponents\httpclient\4.5.9\httpclient-4.5.9.jar;D:\apache-maven-3.6.0-bin\apache-maven-3.6.0\repository\org\apache\httpcomponents\httpcore\4.4.11\httpcore-4.4.11.jar;D:\apache-maven-3.6.0-bin\apache-maven-3.6.0\repository\commons-codec\commons-codec\1.11\commons-codec-1.11.jar;D:\apache-maven-3.6.0-bin\apache-maven-3.6.0\repository\com\google\inject\guice\4.1.0\guice-4.1.0.jar;D:\apache-maven-3.6.0-bin\apache-maven-3.6.0\repository\aopalliance\aopalliance\1.0\aopalliance-1.0.jar;D:\apache-maven-3.6.0-bin\apache-maven-3.6.0\repository\com\github\vlsi\compactmap\compactmap\1.2.1\compactmap-1.2.1.jar;D:\apache-maven-3.6.0-bin\apache-maven-3.6.0\repository\com\github\andrewoma\dexx\dexx-collections\0.2\dexx-collections-0.2.jar;D:\apache-maven-3.6.0-bin\apache-maven-3.6.0\repository\com\fasterxml\jackson\core\jackson-annotations\2.9.0\jackson-annotations-2.9.0.jar;D:\apache-maven-3.6.0-bin\apache-maven-3.6.0\repository\com\fasterxml\jackson\core\jackson-core\2.9.9\jackson-core-2.9.9.jar;D:\apache-maven-3.6.0-bin\apache-maven-3.6.0\repository\com\netflix\eureka\eureka-core\1.9.8\eureka-core-1.9.8.jar;D:\apache-maven-3.6.0-bin\apache-maven-3.6.0\repository\org\codehaus\woodstox\woodstox-core-asl\4.4.1\woodstox-core-asl-4.4.1.jar;D:\apache-maven-3.6.0-bin\apache-maven-3.6.0\repository\javax\xml\stream\stax-api\1.0-2\stax-api-1.0-2.jar;D:\apache-maven-3.6.0-bin\apache-maven-3.6.0\repository\org\codehaus\woodstox\stax2-api\3.1.4\stax2-api-3.1.4.jar;D:\apache-maven-3.6.0-bin\apache-maven-3.6.0\repository\org\springframework\cloud\spring-cloud-starter-netflix-archaius\2.1.1.RELEASE\spring-cloud-starter-netflix-archaius-2.1.1.RELEASE.jar;D:\apache-maven-3.6.0-bin\apache-maven-3.6.0\repository\org\springframework\cloud\spring-cloud-netflix-archaius\2.1.1.RELEASE\spring-cloud-netflix-archaius-2.1.1.RELEASE.jar;D:\apache-maven-3.6.0-bin\apache-maven-3.6.0\repository\commons-configuration\commons-configuration\1.8\commons-configuration-1.8.jar;D:\apache-maven-3.6.0-bin\apache-maven-3.6.0\repository\com\netflix\ribbon\ribbon-eureka\2.3.0\ribbon-eureka-2.3.0.jar;D:\apache-maven-3.6.0-bin\apache-maven-3.6.0\repository\com\thoughtworks\xstream\xstream\1.4.10\xstream-1.4.10.jar;D:\apache-maven-3.6.0-bin\apache-maven-3.6.0\repository\xmlpull\xmlpull\1.1.3.1\xmlpull-1.1.3.1.jar;D:\apache-maven-3.6.0-bin\apache-maven-3.6.0\repository\xpp3\xpp3_min\1.1.4c\xpp3_min-1.1.4c.jar;D:\apache-maven-3.6.0-bin\apache-maven-3.6.0\repository\org\springframework\cloud\spring-cloud-starter-netflix-eureka-server\2.1.1.RELEASE\spring-cloud-starter-netflix-eureka-server-2.1.1.RELEASE.jar;D:\apache-maven-3.6.0-bin\apache-maven-3.6.0\repository\org\springframework\cloud\spring-cloud-netflix-eureka-server\2.1.1.RELEASE\spring-cloud-netflix-eureka-server-2.1.1.RELEASE.jar;D:\apache-maven-3.6.0-bin\apache-maven-3.6.0\repository\org\springframework\boot\spring-boot-starter-freemarker\2.1.6.RELEASE\spring-boot-starter-freemarker-2.1.6.RELEASE.jar;D:\apache-maven-3.6.0-bin\apache-maven-3.6.0\repository\org\freemarker\freemarker\2.3.28\freemarker-2.3.28.jar;D:\apache-maven-3.6.0-bin\apache-maven-3.6.0\repository\org\springframework\spring-context-support\5.1.8.RELEASE\spring-context-support-5.1.8.RELEASE.jar;D:\apache-maven-3.6.0-bin\apache-maven-3.6.0\repository\com\sun\jersey\jersey-servlet\1.19.1\jersey-servlet-1.19.1.jar;D:\apache-maven-3.6.0-bin\apache-maven-3.6.0\repository\com\sun\jersey\jersey-server\1.19.1\jersey-server-1.19.1.jar;D:\apache-maven-3.6.0-bin\apache-maven-3.6.0\repository\javax\inject\javax.inject\1\javax.inject-1.jar;D:\apache-maven-3.6.0-bin\apache-maven-3.6.0\repository\com\fasterxml\jackson\dataformat\jackson-dataformat-xml\2.9.9\jackson-dataformat-xml-2.9.9.jar;D:\apache-maven-3.6.0-bin\apache-maven-3.6.0\repository\com\fasterxml\jackson\module\jackson-module-jaxb-annotations\2.9.9\jackson-module-jaxb-annotations-2.9.9.jar;D:\apache-maven-3.6.0-bin\apache-maven-3.6.0\repository\com\fasterxml\woodstox\woodstox-core\5.0.3\woodstox-core-5.0.3.jar;D:\apache-maven-3.6.0-bin\apache-maven-3.6.0\repository\org\springframework\cloud\spring-cloud-starter-netflix-hystrix\2.1.1.RELEASE\spring-cloud-starter-netflix-hystrix-2.1.1.RELEASE.jar;D:\apache-maven-3.6.0-bin\apache-maven-3.6.0\repository\org\springframework\cloud\spring-cloud-netflix-ribbon\2.1.1.RELEASE\spring-cloud-netflix-ribbon-2.1.1.RELEASE.jar;D:\apache-maven-3.6.0-bin\apache-maven-3.6.0\repository\com\netflix\hystrix\hystrix-core\1.5.18\hystrix-core-1.5.18.jar;D:\apache-maven-3.6.0-bin\apache-maven-3.6.0\repository\org\hdrhistogram\HdrHistogram\2.1.9\HdrHistogram-2.1.9.jar;D:\apache-maven-3.6.0-bin\apache-maven-3.6.0\repository\com\netflix\hystrix\hystrix-serialization\1.5.18\hystrix-serialization-1.5.18.jar;D:\apache-maven-3.6.0-bin\apache-maven-3.6.0\repository\com\fasterxml\jackson\module\jackson-module-afterburner\2.9.9\jackson-module-afterburner-2.9.9.jar;D:\apache-maven-3.6.0-bin\apache-maven-3.6.0\repository\com\netflix\hystrix\hystrix-metrics-event-stream\1.5.18\hystrix-metrics-event-stream-1.5.18.jar;D:\apache-maven-3.6.0-bin\apache-maven-3.6.0\repository\com\netflix\hystrix\hystrix-javanica\1.5.18\hystrix-javanica-1.5.18.jar;D:\apache-maven-3.6.0-bin\apache-maven-3.6.0\repository\org\apache\commons\commons-lang3\3.8.1\commons-lang3-3.8.1.jar;D:\apache-maven-3.6.0-bin\apache-maven-3.6.0\repository\org\ow2\asm\asm\5.0.4\asm-5.0.4.jar;D:\apache-maven-3.6.0-bin\apache-maven-3.6.0\repository\com\google\guava\guava\15.0\guava-15.0.jar;D:\apache-maven-3.6.0-bin\apache-maven-3.6.0\repository\io\reactivex\rxjava-reactive-streams\1.2.1\rxjava-reactive-streams-1.2.1.jar;D:\apache-maven-3.6.0-bin\apache-maven-3.6.0\repository\org\reactivestreams\reactive-streams\1.0.2\reactive-streams-1.0.2.jar;D:\apache-maven-3.6.0-bin\apache-maven-3.6.0\repository\org\springframework\cloud\spring-cloud-starter-netflix-ribbon\2.1.1.RELEASE\spring-cloud-starter-netflix-ribbon-2.1.1.RELEASE.jar;D:\apache-maven-3.6.0-bin\apache-maven-3.6.0\repository\com\netflix\ribbon\ribbon\2.3.0\ribbon-2.3.0.jar;D:\apache-maven-3.6.0-bin\apache-maven-3.6.0\repository\com\netflix\ribbon\ribbon-transport\2.3.0\ribbon-transport-2.3.0.jar;D:\apache-maven-3.6.0-bin\apache-maven-3.6.0\repository\io\reactivex\rxnetty-contexts\0.4.9\rxnetty-contexts-0.4.9.jar;D:\apache-maven-3.6.0-bin\apache-maven-3.6.0\repository\io\reactivex\rxnetty-servo\0.4.9\rxnetty-servo-0.4.9.jar;D:\apache-maven-3.6.0-bin\apache-maven-3.6.0\repository\io\reactivex\rxnetty\0.4.9\rxnetty-0.4.9.jar;D:\apache-maven-3.6.0-bin\apache-maven-3.6.0\repository\com\netflix\ribbon\ribbon-core\2.3.0\ribbon-core-2.3.0.jar;D:\apache-maven-3.6.0-bin\apache-maven-3.6.0\repository\commons-lang\commons-lang\2.6\commons-lang-2.6.jar;D:\apache-maven-3.6.0-bin\apache-maven-3.6.0\repository\com\netflix\ribbon\ribbon-httpclient\2.3.0\ribbon-httpclient-2.3.0.jar;D:\apache-maven-3.6.0-bin\apache-maven-3.6.0\repository\commons-collections\commons-collections\3.2.2\commons-collections-3.2.2.jar;D:\apache-maven-3.6.0-bin\apache-maven-3.6.0\repository\com\netflix\netflix-commons\netflix-commons-util\0.3.0\netflix-commons-util-0.3.0.jar;D:\apache-maven-3.6.0-bin\apache-maven-3.6.0\repository\com\netflix\ribbon\ribbon-loadbalancer\2.3.0\ribbon-loadbalancer-2.3.0.jar;D:\apache-maven-3.6.0-bin\apache-maven-3.6.0\repository\com\netflix\netflix-commons\netflix-statistics\0.1.1\netflix-statistics-0.1.1.jar;D:\apache-maven-3.6.0-bin\apache-maven-3.6.0\repository\io\reactivex\rxjava\1.3.8\rxjava-1.3.8.jar;D:\apache-maven-3.6.0-bin\apache-maven-3.6.0\repository\org\springframework\cloud\spring-cloud-starter-openfeign\2.1.1.RELEASE\spring-cloud-starter-openfeign-2.1.1.RELEASE.jar;D:\apache-maven-3.6.0-bin\apache-maven-3.6.0\repository\org\springframework\cloud\spring-cloud-openfeign-core\2.1.1.RELEASE\spring-cloud-openfeign-core-2.1.1.RELEASE.jar;D:\apache-maven-3.6.0-bin\apache-maven-3.6.0\repository\io\github\openfeign\form\feign-form-spring\3.5.0\feign-form-spring-3.5.0.jar;D:\apache-maven-3.6.0-bin\apache-maven-3.6.0\repository\io\github\openfeign\form\feign-form\3.5.0\feign-form-3.5.0.jar;D:\apache-maven-3.6.0-bin\apache-maven-3.6.0\repository\commons-fileupload\commons-fileupload\1.3.3\commons-fileupload-1.3.3.jar;D:\apache-maven-3.6.0-bin\apache-maven-3.6.0\repository\commons-io\commons-io\2.2\commons-io-2.2.jar;D:\apache-maven-3.6.0-bin\apache-maven-3.6.0\repository\org\springframework\cloud\spring-cloud-commons\2.1.1.RELEASE\spring-cloud-commons-2.1.1.RELEASE.jar;D:\apache-maven-3.6.0-bin\apache-maven-3.6.0\repository\org\springframework\security\spring-security-crypto\5.1.5.RELEASE\spring-security-crypto-5.1.5.RELEASE.jar;D:\apache-maven-3.6.0-bin\apache-maven-3.6.0\repository\io\github\openfeign\feign-core\10.1.0\feign-core-10.1.0.jar;D:\apache-maven-3.6.0-bin\apache-maven-3.6.0\repository\io\github\openfeign\feign-slf4j\10.1.0\feign-slf4j-10.1.0.jar;D:\apache-maven-3.6.0-bin\apache-maven-3.6.0\repository\io\github\openfeign\feign-hystrix\10.1.0\feign-hystrix-10.1.0.jar;D:\apache-maven-3.6.0-bin\apache-maven-3.6.0\repository\mysql\mysql-connector-java\8.0.11\mysql-connector-java-8.0.11.jar;D:\apache-maven-3.6.0-bin\apache-maven-3.6.0\repository\com\alibaba\fastjson\1.2.28\fastjson-1.2.28.jar;D:\apache-maven-3.6.0-bin\apache-maven-3.6.0\repository\io\jsonwebtoken\jjwt\0.7.0\jjwt-0.7.0.jar;D:\apache-maven-3.6.0-bin\apache-maven-3.6.0\repository\com\fasterxml\jackson\core\jackson-databind\2.9.9\jackson-databind-2.9.9.jar;D:\apache-maven-3.6.0-bin\apache-maven-3.6.0\repository\org\springframework\boot\spring-boot-starter-actuator\2.1.6.RELEASE\spring-boot-starter-actuator-2.1.6.RELEASE.jar;D:\apache-maven-3.6.0-bin\apache-maven-3.6.0\repository\org\springframework\boot\spring-boot-actuator-autoconfigure\2.1.6.RELEASE\spring-boot-actuator-autoconfigure-2.1.6.RELEASE.jar;D:\apache-maven-3.6.0-bin\apache-maven-3.6.0\repository\org\springframework\boot\spring-boot-actuator\2.1.6.RELEASE\spring-boot-actuator-2.1.6.RELEASE.jar;D:\apache-maven-3.6.0-bin\apache-maven-3.6.0\repository\io\micrometer\micrometer-core\1.1.5\micrometer-core-1.1.5.jar;D:\apache-maven-3.6.0-bin\apache-maven-3.6.0\repository\org\latencyutils\LatencyUtils\2.0.3\LatencyUtils-2.0.3.jar;D:\apache-maven-3.6.0-bin\apache-maven-3.6.0\repository\org\springframework\cloud\spring-cloud-starter-config\2.1.1.RELEASE\spring-cloud-starter-config-2.1.1.RELEASE.jar;D:\apache-maven-3.6.0-bin\apache-maven-3.6.0\repository\org\springframework\cloud\spring-cloud-config-client\2.1.1.RELEASE\spring-cloud-config-client-2.1.1.RELEASE.jar;"/>
    <property name="sun.cpu.endian" value="little"/>
    <property name="user.home" value="C:\Users\Lenovo"/>
    <property name="user.language" value="zh"/>
    <property name="java.specification.vendor" value="Oracle Corporation"/>
    <property name="java.version.date" value="2019-01-15"/>
    <property name="java.home" value="C:\Program Files\Java\jdk-11.0.2"/>
    <property name="file.separator" value="\"/>
    <property name="basedir" value="C:\Users\Lenovo\Desktop\winsper\Winsper-UserService\Winsper-UserServicedev"/>
    <property name="java.vm.compressedOopsMode" value="32-bit"/>
    <property name="line.separator" value="&#10;"/>
    <property name="java.specification.name" value="Java Platform API Specification"/>
    <property name="java.vm.specification.vendor" value="Oracle Corporation"/>
    <property name="java.awt.graphicsenv" value="sun.awt.Win32GraphicsEnvironment"/>
    <property name="surefire.real.class.path" value="C:\Users\Lenovo\AppData\Local\Temp\surefire13164202180892155357\surefirebooter6157163137147777616.jar"/>
    <property name="user.script" value=""/>
    <property name="sun.management.compiler" value="HotSpot 64-Bit Tiered Compilers"/>
    <property name="java.runtime.version" value="11.0.2+9-LTS"/>
    <property name="user.name" value="Lenovo"/>
    <property name="path.separator" value=";"/>
    <property name="os.version" value="10.0"/>
    <property name="java.runtime.name" value="Java(TM) SE Runtime Environment"/>
    <property name="file.encoding" value="GBK"/>
    <property name="java.vm.name" value="Java HotSpot(TM) 64-Bit Server VM"/>
    <property name="java.vendor.version" value="18.9"/>
    <property name="localRepository" value="D:\apache-maven-3.6.0-bin\apache-maven-3.6.0\repository"/>
    <property name="java.vendor.url.bug" value="http://bugreport.java.com/bugreport/"/>
    <property name="java.io.tmpdir" value="C:\Users\Lenovo\AppData\Local\Temp\"/>
    <property name="java.version" value="11.0.2"/>
    <property name="user.dir" value="C:\Users\Lenovo\Desktop\winsper\Winsper-UserService\Winsper-UserServicedev"/>
    <property name="os.arch" value="amd64"/>
    <property name="java.vm.specification.name" value="Java Virtual Machine Specification"/>
    <property name="java.awt.printerjob" value="sun.awt.windows.WPrinterJob"/>
    <property name="sun.os.patch.level" value=""/>
    <property name="java.library.path" value="C:\Program Files\Java\jdk-11.0.2\bin;C:\WINDOWS\Sun\Java\bin;C:\WINDOWS\system32;C:\WINDOWS;D:\tools\python\Scripts\;D:\tools\python\;C:\Program Files (x86)\Common Files\Oracle\Java\javapath;D:\tools\mysql\mysql-8.0.15-winx64\bin;C:\Users\Lenovo\Desktop\webdemo\node_modules\.bin;%NODE_HOME%;C:\dev\nvm\v8.0.0\node_modules\npm;C:\dev\nvm;C:\dev\nodejs;C:\Windows\system32;C:\Windows;C:\Windows\System32\Wbem;C:\Windows\System32\WindowsPowerShell\v1.0\;C:\Program Files (x86)\NVIDIA Corporation\PhysX\Common;C:\WINDOWS\system32;C:\WINDOWS;C:\WINDOWS\System32\Wbem;C:\WINDOWS\System32\WindowsPowerShell\v1.0\;C:\Python27\;C:\WINDOWS\System32\OpenSSH\;C:\Program Files\dotnet\;C:\Qt\Qt5.9.2\5.9.2\msvc2017_64\bin;C:\Program Files\Java\jdk-11.0.2\bin;C:\Program Files\Java\jdk-11.0.2\jre\bin;D:\apache-maven-3.6.0-bin\apache-maven-3.6.0\bin;D:\tools\apache-tomcat-8.5.39\bin;C:\Users\Lenovo\AppData\Local\Microsoft\WindowsApps;C:\Program Files\JetBrains\IntelliJ IDEA 2018.3.4\bin;C:\Program Files\JetBrains\WebStorm 2018.3.4\bin;C:\Users\Lenovo\AppData\Local\atom\bin;C:\Program Files\nodejs;C:\dev\nvm;C:\dev\nodejs;D:\tools\Redis-x64-3.0.504;C:\Program Files\Git\cmd;D:\tools\mysql-8.0.15-winx64\bin;D:\tools\LLVM\bin;D:\tools\Anaconda3;D:\tools\Anaconda3\Library\mingw-w64\bin;D:\tools\Anaconda3\Library\usr\bin;D:\tools\Anaconda3\Library\bin;D:\tools\Anaconda3\Scripts;C:\Users\Lenovo\AppData\Local\Microsoft\WindowsApps;C:\Program Files\JetBrains\IntelliJ IDEA 2018.3.4\bin;C:\Program Files\JetBrains\WebStorm 2018.3.4\bin;C:\Users\Lenovo\AppData\Local\atom\bin;C:\Program Files\nodejs;D:\tools\Microsoft VS Code\bin;."/>
    <property name="java.vendor" value="Oracle Corporation"/>
    <property name="java.vm.info" value="mixed mode"/>
    <property name="java.vm.version" value="11.0.2+9-LTS"/>
    <property name="sun.io.unicode.encoding" value="UnicodeLittle"/>
    <property name="java.class.version" value="55.0"/>
  </properties>
  <testcase name="getFullSecret" classname="com.mosaiker.userservice.utils.UtilsTest" time="0"/>
  <testcase name="randomNumber" classname="com.mosaiker.userservice.utils.UtilsTest" time="0"/>
  <testcase name="statusToRole" classname="com.mosaiker.userservice.utils.UtilsTest" time="0"/>
</testsuite>